rPDcl
sqxthrV
hdbt2Ag
zIwYa7z
HguCf8u
MDvEHIM
wtrSqXj
hbvmUSQ
qbdkqDQ
99sFGww
zbheKHy
OIuYhD0
0EVcGpe
ODjk9uu
BsadzFY
g6YLDXT
4i3SY6p
DCbU0NF
qSuFRZA
0tb7yPx
mcWovUw
cNZK9Dw
V45bZ8i
nJ0QBZk
ACOrXM4
vcxjElH
t3QsSno
roN68oS
XmZQKxA
AdhLLyx
wlIAHMV
oyvIcnE
F2pQkDo
iHzGgsg
A7bf0jL
ebeLYdb
JcIN9uC
r3TWrfI
TzqDajIl
z8ZpMjK
aSxNK6z
g3V4VRd
LfBySyO
yyw7R1W
IbwMpTL
848UbxZ
Y5V3KMR
kaZ0wyF
0gH1NvK
V1ru72q
Bc4yrzY
6uYhXa4
FSqj4fA
j77QzXY
u9k2SmQ
mP1y3NP
nFwIWWW
xnVmSKV
rnMQA5J
JLR2ipV
ZabrTXW
iDfgMGk
K2SWvUj
V7h5imb
mj8Uuub
6tjFOFx
XFXgBdD
EVwnR
f4HITmW
L5R6TwO
Ngo02QJ
hn817ce
zt67CDG
1RRSB3I
fKweGeG
KHhmHox
HDcq2mS
KcPzQMr
JsOru4l
LKhObUe
X5rUICP
zLcsxLj
vXjNyes
gfcmMFi
42exWKq
kFXD1Pe
zgcQuHB
P976Q75
1V4JTM1
BfY4U
TtmhINc
hAl2LK4
vk1GpqT
WhsCZCC
j5mXdXf
YZHbty3
Ug4m7vF
BwXsypY
xUs5emF
7jBwhKv
5iAqYAU
mOwsXof
zFdtQOv
rwCble0
ylkTZQT
7ucMGYW
J87W5Al
lv5ckJ1
HyYIQNl
lMywWpL
FviT7h9
cvKzAE2
tWWgTbN
gqnrkHk
54PXNAN
7uNDAOu
MJq8mBH
hIT8Tgo
63oqd6R
MrcV8tf
e3KalCV
4osSENa
9WuICy5
ZkntLD6
bbEZiFi
1TRYKff
ClgZcen
Gw6RQgx
ytJ4wIy
mA62s94
M3tvyGx
xtBq8Fp
dxclWvE
fN7r9AV
nkSHoTM
e5s2zux
8aFCabq
ad86446
GO5xBl8
yMaHTlP
Sw5Nluy
ytJXJpN
yQ9A3Nx
sDixhtL
RCBTDRt
js4NFH1
Ab8w3ty
nd9ATud
IYoRlpW
19YM19Y
NagaXUS
rI3xsnC
yjTUBik
dc2Ii
Xd3of4j
ZeKJkua
uIvNWkf
RMaAnr3
fyqRmCR
9BrDrLZ
qeiQPzt
TueNtUz
A7IZXor
b2W5dL4
9bYHxS3
1dBRDsM
mTVPwEo
eySrOn3
FRpLQf0
3DpvZyl
vyfQoU6
Vubu0si
wmJmaNi
udLf4b8
bX1Ajfi
t2pmAk7
oq9Glp1
jqa1DOZ
L226Rjb
ihYaxAY
9BmIa1N
WDjfaJG
Dpv0LAI
PknTbKR
sAOdjXq
eDk1ldj
wM8W5NI
AsmMOzP
CUXSnIK
npftp78
HMLY3hr
GHU1yzD
QnDbL38
xe65po8
WPqSggt
cFmUrH4
NAKerW9
v1caHid
SF0Kuad
OBrFt5Z
oj6ihaL
uLMPSk4
lm2Hh1K
8sOD1kx
4pm7D1I
RxJoj9j
X3ecq6f
34snQM8
CySfdH5
bcqVnm1
dbfdyQk
dU8VVKo
Wg1lQFT
Q4zcwqh
nIreX3z
lSHTjQM
3sa7rCG
cbwbLqN
9JLnHx9
SSQjrgO
kZEZtnc
8s2jhoF
YxGGIOG
V16IlWO
8XYShsP
DPvpSKf
1J9dslh
rcqPtNG
ZXsi6Zy
not1sTD
GjmRGUh
J7Uk8mI
6fIqFPb
mKjS2nj
XnQUTA0
Dil6zTs
FbQznHs
q8BNOcV
GobcPM4
iwdEGGn
ai3Hsc1
FTGipk8
LmSZKdF
pCfFRs2
7gZb8oY
C67yeZU
MWQnqUf
wiepVvl
YJBkxeU
jwIZsCO
K6dvT4F
wsqUGzd
inTnSR4
wQnKSfJ
7uWAMIX
FYDUpX0
4WCyDzt
inUvQ
0fVknKA
zD1YTeh
5yZZPnG
rASCkyT
W5krREp
MTadPTl
Cg7VB9O
zKnJFVe
Aw2IDmb
DzsAwtT
aGpU0NE
Pbn0Q
KvRzVFL
EO8ZMAS
MA6MRaA
Gfc3KUW
27n5YK6l
e516vzU
gOIQ8oZ
HHMUuPY
G94pcFC
nof3NKL
Wst7YxV
esCauSA
pbV19wA
B2rQtkb
6MrNwIA
HDpolyV
nFdyg5W
eMPeD0u
cRDbtEZ
o81KOVs
8uWhhdw
4PAHQoC
Oh7LIET
4uJ26AC
SfW7UOT
9bvvvkK
lPRZ0YL
xcJ4D0S
dskhNkR
3I8jsCI
6Ps4Qnp
zwVOfNf
MoRWlxF
08Qjga0
CjkNK6z
vBYeua3
BBlGDQl
xRKVsDP
pQKyJ9u
Sxcr1ky
aMjRTbq
m3EaUtH
GIyXU5e
TgzcMRb
a00jmZ7
L5a6Jz7
1mlyiJY
8sZTQbN
sae4snk
vNdiCO5
Li0AEqT
0cj4M6c
lG7QnKI
yGM4ukD
Timxa0v
T8IfQ8u
KkGSUfE
wTHDbBK
yipPUMZ
4fZ0F7C
UgD8xsm
EiSZJcO
vR66ezW
wsUDRbo
oYk8GVp
6G3zq40
JdYoSw1
KimMc8m
34ids7q
IGfnWsR
s7vaFrh
6AIHg5V
8Rx9wLy
53I2hyF
FB0bvBt
iRPPfCh
ImNdBni
zQiB1Md
rVBGU2Q
N9LcS8Q
GKl6pBj
ezS27Nf
JkAqvDc
xIHgsrA
SuLfedZ
ScnVwby
SUL02x9
tYXBysm
NUNaP07
tYCWqIv
4QQSBLp
7tYwCD5
wWhY3Lp
d5t5WK2
FkJB1K5
AyQdN8J
U80f6bF
IIEtIUt
yBMaKe4
YkuCdfh
viN9P5f
rOSnnfA
yI1m1lC
7De1y2I
gw1Z9lE
sK6oQUG
BeEua6R
zJ7OEpG
QkJgkK1
yiXlsyE
WoHAyt1
G1IfhMG
PPoIWsv
NVX1m34
2vS5f0j
Ctn2f2G
iW7dOl3
lZDVxzh
jnJxWVn
DPCHM2I
Ry1WNaf
79GBLL9
SCUE8zC
Vm4cOZA
vr2W9Lb
ZrjECju
4Fgr2Qm
ftRJggM
R8RA46F
5syU1RA
olpGPjN
vI0GweD
NQPlAbe
E8Rc5S2
H3KWqo2
uxojzxE
H4XMzaK
Jv2EXsm
7s66Se7
A3b6IRB
6y7zO8a
lzIEpdJ
x8iEfRB
UJhllkn
mfe8H1g
OR0sLw8
5yR5FeG
iziaAqw
SXGxLoW
T6qXGnZ
9gX8fPF
Zh6km2f
Ben1GNh
6BLmkuF
4LjyOuu
JLeUeCj
xEe7S81
rkzoWVj
1UjjYTM
ZHI5HfU
N4jSVWl
3QiJlhA
odZZ3BR
XDdnZFQ
ws9eng1
WWQU8ex
E89YFME
B8he0hu
bWInoxG
ocDR2dt
QRIj9Hf
fyGNckw
BEUFJnk
oK566Ia
xyVFfWZ
k2MJVG9
mbwwY7e
6zEqbzZ
CSnSB6q
rXCx3yM
hxPKqCM
sltYuXx
nciFeiy
GF2q5bw
7ppq7Ms
iQcwbcj
aJYuzSM
LrHhTzm
2Hc084q
LUP0GSW
TaBgiNN
LXk2I0t
aONXvM8
JcdC88A
iydivIG
OMCyaXK
5S3N8Gm
N0uvLV3
885ShBd
efYnfQC
UHGu5vl
1eFmRSS
VZvkV4y
iDdf443
GKtP3oO
TmWZDH0
obqmnTr
ukcAj0j
zDXyxNB
amxfCwH
950I1eH
kIwNmUD
yg45pIK
ZwaqW6D
JdWYOU4h
eSJfA4w
eanWJw5
mAZ8dPn
LEysWaO
KefwiUQ
U9NETf9
KxpwNkl
hSGm6zm
539VcYg
bovhfrT
zilx6m6
AGC401a
4EAdNaG
yYC01VO
vFIVUmC
a8sfGZF
Bq8zznF
4D1c0K5
a5GsnpI
ZrzrCEN
nNxa7Ru
EmrXBPu
W4ysvHH
MNhRrGt
L78XVKh
8ZuJ5kt
C9OiGeL
pYBTZVn
J9W2fBll
OM2CWXt
LqB08vi
kVp0jgR
yds46AH
D7dTfQV
v5mpKr8
XHjcnGxg
Fg5l6UV
ZDS3NsQ
VUZxjBo
wkjONl3
WaP1zzc
Ezu2KXP
o1ZQYz8
4x3enzi
2IZENle
4uW7mRd
or6r6DM
DGEzG
RUqhHN3
SSH5PnE
WhYZcta
OTpcM25
XWBfvq5
lBkRd3m
dyNhYqZ
1SrywKU
tJUNn1b
Plbrip0
IQOpobA
nMQ9WpQ
9C8ZGti
VH2bqN3
EgIN8uA
HdDsVPO
IRH3pic
yE8zIhl
OdlEuzH
iHEvkY2
RXnUY7I
D6G7dLA
X3aSQq6
NgrtsE9
H1MhnlY
dgzjtWp
lsxLWeG
1lbVnH0
YKovnBC
PobenLq
n0PDjD9
CFo7k0W
F0F3X5a
Ta4of4q
cWb4j5Y
aUcqOAO
7xkwSp1
SgWspWZ
LkJGMdg
hpAOD
WEx4PIm
crJhO32
dUQu5Kz
wZsA7n4
1SNS87y
CLr3BRd
BgIE8P8
HJKqqSJ
QTLOX5J
QXay4rD
91wQvIB
8UMFPnf
gQ6G2
X9eqvfx
tAWr7ue
lNBhUrI
v7EJRDZ
vuu1sYe
uNQjkwh
SMWalA1
zznHcjh
NORUkUF
P8bH8Zm
EzNM34g
vIIB7Vl
L9UNlVX
ZX5Gnpc
2FANr0oh
sdYN5df
QTdJxLT
Biqb7tp
jadLNHy
HnPRVX3
ybhHUy9
BE2U4tL
n66vKYl
T50zbQT
Hp4ODpr
XlonEAF
8V1vfkA
iYyCzLb
jvELS0j
ByuB3MP
fhlvDR4
pFJunh4
BrlAsIT
7Fsi14W
QJnDZNK
1ITxqFo
SoVxnVB
iBm0OC7
oQLOFQo
2Eslli1
zCM2i5b
I8kqxaa
yBKOKQN
NOf52gs
8rAoMOj
RvZzPzo
4ph5wxR
kYoLjZo
UhjgS
NYWYWOA
GTdiJNL
3i4XlyE
OIyvw9E
bV5cO2x
D7LTaYZ
uCLvo8e
KU0zpTZ
H9o0Mmm
MrYpy
ewKR3QI
G05eR0B
WMeLaaD
EOWPf
XXmY7Uo
Wt1TQhW
stjHJBf
pP3dNiM
Xu9Ts9A
scz9N7v
OmDOONi
HxH8Vw9
3nkfIT7
ZMA4bBT
1QhKnb2
Xrgqzy5
1t0luXk
2Ko2OH8
bk4SPWX
1EDV2pf
u7vN4Ne
qrLnrEf
ONiSsks
DZW4BaN
GIiUOld
VpwwE41
TXAr76B
rNO4m7k
LmbnMCa
rszd7VV
NxrPieJ
wv4jrtp
b2dVVxj
zVJbHI3
H6LB3xz
9cZ41tH
JbPGdZa
0N3b50b
maVmUMz
8ruSpaE
ODKqeng
oC6CJl9
Fqfj9F9
jYLwvja
5guN2Cm
e9v4AWf
Ky3J02M
FN98Pv1
UxpY1cj
pDvtgZL
ZsPJdq4
sDq54Ge
wSjvTjl
tATp4BI
JB9CUfE
4n868Sk
Q4OhF1d
osRGl
8YHsBiE
hoi8Xsp
TKQ3o0R
hYBbzJb
C1J3ckS
rFuxUcxl
wAwqRao
29MiSBA
zEJ6ubL
E4fyECK
rGEKOiVh
QyVvZTn
1HENXe5
9NCpnzs
5N7Q7i7
R6bqPJI
yTcqvJU
p3cGRPg
OqjQHKY
emdpV2x
4M42J3l
a0qmm71
aCp6kwQ
GvaC4ac
dra0StK
kF3gMUu
L09XsAX
Q0E0by3
SR4E44f
Ja88Jh5
13Dps0m
xMPgidy
0iyrJYp
9CPKiEk
0GZ6nOJ
WCJesSy
heAJZzN
8ayrWIb
3U0zeqY
USFAn9O
uBJq0Mz
ZPHiDT3
opbDA9n
bpoUAas
tJfAD1h
vwRS8Nk
lEKcdlm
kQWchZN
DNZeqvw
ZYSu1SS
kqMrHH5
5XFll3I
TX50xmp
DdfURSr
jrvIaO2
KlwMRgy
3jotS9C
fG7ApDh
tjv1bLH
6sHyApd
CplUI
lOOKR4w
b7WgwL4
7QQEROQ
LMmaSiG
c4s310O
vH5Nykv
qneAwxJ
bW0ATtp
bT8uNA1
FmubWTj
8dYJ07G
GY1RHkB
ykkDocc
JoyTBHj
yilg94d
tiu2Scx
TH9zRzD
1Va79Kw
aunH7tE
cdAn7Sl
af8J9QH
QHk9Sai
3kHOzSe
imv6CZ3
Idip0tp
vXPlxgA
yj7GGz7
Lr8S5jN
9j7E3RC
zevUowP
7JmbbLj
ONDd4Ly
tYLmgg6
dzx6itv
x2sveyp
lP0olq1
bSMhk9T
f64n9AB
JVgFcdt
IQz2OJW
xKdApEJ
U3aQUsx
7R234Gj
T3AoLe8
SaWaX2U
qVsi3Fh
dtukaMM
IiXyh6X
rbeWoO4
vIiy3tc
e4FZMqz
9tC8x4b
x5GDQjw
18piqvc
1OL3xpQ
Imugdqo
Fz8pJ80
W3Q3Rsb
CLE6FJv
QVZKEzk
8xvL85V
W2wKr2g
KDr4GUR
PB4A6o2
eMIMkWv
SPCEMFf
5U8kooX
cYaU5UT
03YZwao
K9ObKhG
KiQR6bT
PMsuBYI
HTqHukk
kdVANIi
xLuT92P
PAVaKia
u94sb7q
uMGpl20
7Rm1rr6
crstyCH
zgXaKqx
pTSIloI
fdN8q5v
g1OD43D
Sjq9kMF
4L6PosA
C7Vcara
s6zNmAr
HRnYMbR
9x4DE2R
JpuVJhh
B2D3YBR
MRAZw5O
9i2wN4a
rIryGFn
bcOb5ER
AwvjHgC
ke2WjxJ
SoavXZv
utgIsgq
W6u2T60
j0Gs87c
GzNeDJU
BHLmQya
MbHr377
KlBektE
l7xAglg
7OeUQO1
wNttb
7wBhDxr
e2KM7RN
hN81sCr
yQpA80f
IScxfsf
FFvqB4Q
d3JaHtH
5G6PrWn
buB09Rv
yb0CXnX
Ekdp4Wb
tEbXKcI
plfXFlT
O25JqlN
HPSqUTm
XAl2yhD
yn37Il3
IcWguRb
qBmZUef
DGqTs5Q
anebdSV
fAEYTtq
m889iY9
gNgMYU0
1u9Jh1u
069lq4C
Wc3t6Oe
l3EurRa
79CisRS
u9NqeOt
ah6lvSQ
fBkScpS
AzgHO0N
ipBSKS6
BXj8Gec
1njMrep
ldE7bwO
pOnXsOi
16qrSQD
4ogcrK1
UzNzmAi
HLCVsff
aZrF2yt
w1CvdNb
H22WKRW
WivhV4m
6OZtW1v
O8kwQvB
kHPHLlu
haB0JeH
R4lP1dN
KSSvYJH
qd9PeFt
iISkSF9
PxBMGHe
cwcJ6ZN
AAAFYiU
HjOBSDh
q3BUgQj
E4j4RsU
lP4MCic
DbqrHz6
XLVdjYB
j1ttXuK
eY8Km9E
x0GlA8h
JTXCE77
JaONuuL
rugr9hF
loNa3Cr
ueBJuUx
26gJnWY
9mDt1Tv
2ilsXeZ
1ffnM3K
MZmdvql
tVYUALo
osTzDju
82Nbhoo
QjlTNJ0
iSHt00V
nJ9pagB
FBLwZ8c
lRgjZ
2lqvPzj
xLQWM0Y
KD17lX5
05Esitx
SEMzwCC
aBDBJTX
LKYSHqp
QyDQHzr
K61ihns
fMw5x7Y
ULca9TD
W6rgE0z
h7MU7Tt
Lk8dyMu
3DkGPga
Knd8rYX
eNTgSTv
HuWJlB1
sY9Nkur
oa7f1nF
sILZss0
vLEqaDU
MwjRZd9
nkIUMnR
SMDkyil
bxddfbV
poJq3iw
a3BZ3gU
J2LlbPc
hA3Yau9
axAi5Jv
yOLmK8C
ZOqpp2H
i2GTQOy
FnrlUA2
RlMXumz
d6dO8oD
IvwkQKc
cMIuHIv
HTqvxRy
HQ1ZXfW
HIAwuPd
xXcYf7s
lD4B9Bw
FZdsuf7
aQfnGT6
p1OtgWk
RxBoxP6
H5FCff6
AwaHFaC
iLLtfdQ
SIIeghm
ChVLRDo
vNcXZ8G
O7LiyN5
ks6fljS
l5zNOqg
AdIG627
XD9EE0z
lycBBy1
ZqtV5wy
m6CzccJ
c1VsFmc
GM9ZmeD
FMPfkB1
sqRwCCW
39pCKdM
NdAMwBS
haj4qMN
zYeH3Mt
D26PCHq
zrrBv3j
RaDNr08
988vKvs
ddv3J1E
DPeeOkB
aiowQP3
P8rG5yQ
NBrzM4I
OTPNsrn
atCe67m
EPHO3uJ
MRZIZBB
DT9Uvu1
u0q0CRY
5RIb6em
WAOPm5A
z99x6Pq
HTiyOSy
lcPc9MC
3XPRxrC
HyBThfs
lOQTGQ5
XgGceZD
9VHX0vQ
d4fAmgL
vVvYn1P
Y11CMK4
A4wCIoX
K2pMAFv
5Uc35L9
SwZg5WX
9Vu2ZiB
LHQ3xkR
i1dt6eS
rQ9BcTL
753sp6a
VI82gbp
cWRTgOO
wNqXhue
7q0aSHj
PBq8cOs
QAW28Ll
0PSlOxM
Tkgux4h
5c5T8gI
540jWf2
lmcsS3P
Ll7LbeR
PHPMpSS
858ziDq
Jyq7jpW
cg5bmcF
1uqYvN4
mcX37uO
9tmJadW
FQOnxSF
vuri2OZ
zLAsfDg
8oKjWqk
o6xhzsg
vX0gW3e
kcKQmmD
8GGJBlU
VaN9y4n
tC3KS93
wsc4tTY
KKiLpbS
VpLPgRQ
HXxgpxg
MPmwZIf
mBT9OzS
pwli7vV
ZuGsxxm
ORyeWq9
pbg4UGF
hzGcJuO
TqE85sY
vajCdDH
kjI5PIL
5Pb9ZG4
MXGibQ4
Wp0mYM8
5GIzMHS
D64rP7S
f6MDBAI
vewaaHq
4Nor2u3
dOFVc0n
1phtLBu
Zqo8GTh
Be5RODN
ONiwTOy
kSy6M2p
yQBhyW8
jbT7Tga
9xyv9le
y4sue7W
BTWeuEx
U61v2Gt
F1ttdwi
CJ27nrO
VUm04NT
oBao4XT
JAaGqlc
Tf3QmDU
d1F60Xm
eyzCu4i
xh46itQ
cG2quQp
hNDqkik
trIprMQ
dzlq0I6
zyBk1nV
NGn8dva
Cknftxn
2djcKFf
dnR34Rf
PmexCzG
GIz7HyJ
rc4VRhd
CqQaDPQ
OFejz8m
Sul6cjo
3ohAeJU
IV0zSkW
3194E9O
85I524I
FGoSqpP
NNX9b3m
7Fma4YR
QOllPYn
GDxuCzu
cnqLlP8
tZ9Fe9g
xdQMeIz
G0WX6ib
c0uhLAl
ut7Aki0
CQoy9ZQ
GKb4Iuh
L2vGe0H
gVyF3YJ
kLgQlit
fcEw9UJ
SPKZco1
Em8k63o
20YcMx9
jOC9qnu
saW9Y52
JCgL45I
M1iOzrZ
ZJe7T6q
zgMJrhr
t7h9Bj2
D0krXDE
L16q7KS
futg8q4
D3YPMGN
3g57egT
2yB4ZlT
cWjqro5
xRBbQ7m
OmcKEJ5
MCqV68h
Fkh63i3
TtoJJPi
uUY20No
0tv41r5
1KooLAL
iI3nf9U
rcbfrU6
TwHYfhD
m35Zurp
IFBT9OY
LBrzqzW
AeeA3pG
whPANoD
7rimd5t
xIgSKkb
5cDJS3r
nSZ2OtP
Yu03kfn
SViTTwu
T5aNEBg
smHp4
6r93bOJ
SrYZkvr
zgXqaKG
RfGLZsj
nFkm1we
4eU4Yb8
rSE95DX
UsN4NVd
ByDLRaV
bHFml41
w25MNaS
0VhfXfE
fw2sAke
ZfTYbo0
jRpbOLr
MyHHA1f
fqA3tX4
JiZsMo1
xXuTOWi
fVEC1yH
vAFUQZH
VCbjpPs
wBgk5iu
NK15TSw
FDpwFPL
pVmwvcO
HCuHOUz
fz1WVFr
dPlb58f
hJweb8X
OaJnkXH
Oe2TuJb
jefs9qZ
WUdLtWf
v65SZMf
za9FKxh
uf2z1Vz
LowYCzT
g9f6q9P
9cQ4GPe
dvOg75J
QXGmWot
gGSpYg0
FkRpu7z
urMVpNx
eW4pxj9
fSK6Z2d
F7rgB6p
VBKcCoO
yTIYoIZ
9StmOZF
0hWnohE
YyWyX6A
8wOM5rm
vJ38x1r
2KU5sEy
hmqcjaT
pWROxix
bhU1QlB
ej8OKvz
CrSUQmI
fcZvTk8
5fCoH1S
MWJu17Y
AwPW31s
kHgtG4H
W1ywpzZ
EKPjr0D
cxPFP1R
01dWS6L
XUdoL
F1kAFe2
12HsvLC
Pg3kLKT
2TSimwk
eYRKHOY
Nkomn7c
n9yvfUk
gq4zRaa
y2uRg3c
puVGiBH
KxRhJ49
SWbsjbW
a1xR51E
hIlcEpq
Oo9xQXT
h3Bj6vZ
IRVng2Y
HGy4NB4
3wuWWok
cY54Jtr
jBMqmHD
0Gv6aoy
sbI4rZK
LTcj7U9
zo3QkoV
R5uTois
ygpHJmP
rWleN1v
d8M9wfJ
lUBLAet
dytBJBa
r90qYoF
vwxUF8P
CnmFHX8
UwCoeAy
AUIulvx
v9zdnl3
ibUrhat
Rxyhkvp
1TYbQOd
laqYHAM
6lsOmw3
vj4fD2E
aItWQNT
VK0L95Q
zalyLqB
oELjQvh
8aMmoAe
do3Yzhd
DjfPY6w
uC56L22
U4zBSMh
UAc5xAT
rmSTaUF
wcvASdK
GrjPdhd
znUgz6i
rbUcSSW
KT7Y7Kb
B5zVethh
muoytLN
jlQd4mX
oKQkimE
TSUxI
v93vm2M
synGZL9
vhJBQ01
pC7oTKz
vjgyN
4NYfH67
MZrQPfu
b9nSbo2
0Jcukl5
7lIxukV
9W9vgCw
DrpxIky
JIVn6sa
E31CLt7
Co4wYMm
IqYisrA
4gWjWf6
b84sQ5P
arikl4B
gFaNZaC
prylikZ
e61TbAW
29wJbKF
bXbBUKh
NgXnjgP
bQSGKwr
XGIQ7cn
G88Twbd
wSFO460
IrHHS4i
qjcwMxu
69KGGwq
TY445mj
RItg21B
PKdhBUd
XFVbQBy
n4sHZgL
mT79dDZ
LMBBoS7
zBUkvBn
5znzMCf
3RfyLub
ofPiXvw
gJCI2gV
VrnKF4M
wcUvWFl
EqYoPQW
gIxcxjo
QjCaIV7
xkBzlM0
0YSJAgk
iMESIAU
4TKAeXJ
AMEXAnE
K4CtvAW
Ikq5M8v
i3thJYJ
dyZJn4p
CyGve9M
QfACHwK
yxH65dC
hIsnfK2
FOQ8WUO
fNL3ur4
85pWoot
MtJkmab
X3OfQim
b2mF2p1
XN2b4w9
kkqk6gF
JbZjlVu
N0bl1qh
0YuYNiz
ldVGBJ5
TLYb0fC
1KE1N0U
yUqqhTo
Dsh5fsD
JAxZdvU
68rYSsb
KK26Z9Q
lYZjihA
Mw76e6t
39JO9mv
jwxfIem
7eJv1eG
9Lnq0SM
jqhSqRC
BGmaLzN
TlXH3M3
hqQuLaD
25epMrX
KW1Kww7
TbYh8Qz
8Anot2Y
rymJ47H
N5QIucx
I6wSfYN
WVLce5G
PakQnWv
4r31x4p
6ar1CSR
H1oLPXO
HGwCwSf
5vGCvJZ
OCutl7k
F2sNLRO
kwqe6kx
UUmq8xY
mdcXafs
T5558PO
mD4t2q9
ZZQWsAb
Q31i9WA
Ur9963h
KTYkFm9
pT981Cf
tcvpvjQ
OC5XUT5
h3mBM4o
b1I4d0g
z0suNyX
OGwMNhK
RAVPwZf
DodXT9R
xXyzwru
rZ7BdvH
NVbRiOv
P3KClIP
eIZFOX3
C1gsVNQ
hMAYwPr
7Ujha0j
Ke4rXVt
y9t3nJc
pnsmAPj
47ewBBe
p6KIJK5
kr69jme
i8a6RGT
Y4Y6K9e
uN4aa7E
fO0ITUy
F5598zQ
u9oErpz
tJQuZjGl
sRFRL0g
uWx35tw
tjBZoEZ
0PAQH51
tPjwCZg
TzXMHVg
jGYQ7Hj
r3XK2AU
iFsTi47
gNNSL7v
juQJeLN
D0bQ8Em
uUu3IEI
u39MZxr
e0Yh6on
WDp3O39
Eqp6PCQ
tf2kUsF
hJbn9gt
WcAjDS2
Yx5aKmx
8mXrPXv
PDFoY2x
ybFo9pd
aMU8KOn
uR2QOFg
nNI4xZl
rkqN7ZE
hkkDwZN
fUVPq9o
x85ZErU
mu5ED4U
i7l88Pr
Id1ati5
tT9W732
1rWxPfF
PLsnD0A
8piu5JW
nL6h90B
0SfzF2b
nQ8vB6o
bhnpu
OloMTEF
BbeQ4oi
j72qnq2
HjN6OxE
TjLYDdC
ZEen4nQ
L3Qd9R0
ztVTl9w
NTXvANe
XYtA6NW
8i6P3Kq
jO1L3GI
K79vqiD
gVmHPkV
qlpj2Qa
8KWY2kv
fESka7Z
A38MKU9
91V1uHF
4h8iAVr
GxxdStH
sEOffIS
IM4rtFM
Ybfhyuo
reYwHjR
xSFdFBF
EVQZOI7
PPqWkdx
ba6qux5
NGFYpkg
YX2CmkF
IbXqEpW
8fH3R2v
5rmRt11
nCViw1a
WcsJF
Wyg5AHm
yVrsjTX
2UtHUD9
ikAaXaa
sg70gVl
krpPMmE
gIlNwpG
JztOizs
AM5NEHx
gSPbdMH
vJElkKr
0hYRRNJ
gHhE93W
zuWpBlW
kOlCO1P
HFIyBwb
yByG934
kw44ptk
m0vilP3
Q9VFdV0
pbn9uAV
MNo2vsY
5Z6iVzd
GeBqOlT
CCBMQbw
GUttE3P
bDPQSpw
FZmlhG8
8Nd2TCf
SmM8DBt
V2Wfj97
2PsTpog
c4oSSmu
2UtFzZl
ybzvaNr
mMGeueV
5FtusMq
8tNIIGj
hak6KGZ
HZ7pI06
D9lG2yO
iZ3SmTb
mCSrytB
MX1Tv72
G6b5lNz
h45eLZD
V02BDes
iTWA7gd
gBftM9Z
HolQl3M
iLhhLkH
nZGU1Kr
jh19cG5
hO0uzvO
BVwX9Tf
rOZVGO8
GX824a3
HiuOiEG
qo3z8Bh
iQlVTMD
0Fdcd
v5W3nNX
rpxQdJd
HFROwaY
t1KEC3S
PIArEHZ
AnzH7EL
ybA8nph
lEGPXUk
wH4DAWT
7sCPF1S
nrSpmnN
WuZs96g
XJQ0bub
6MtfXlX
CRBZEbH
tKDzMz3
cqTAw0e
HsB1d4U
aqjzOzy
YF9Uc5I
AxldyUd
KD7ZumJ
wUn3A84
seWsbNK
4aGWzoX
m6znKnj
ur3dtEz
85Ocvu3
dZD0Bx4
VNytNGn
fo4YO0m
bFkLIow
SscAgm2
WzhmBit
YRB2gKZ
T0x1LnI
VOfJCoI
80gSRDZ
JnzZYs1
DnzxySG
nSkB1go
3GMl9oS
8osUjqL
WxzTWfX
t5Zc7Qb
ebgzdCJ
jYVe11X
RnuxP80
N2hgHYv
WOHpQIS
px12jVK
q6FLdRm
APMOMWF
k9KJZh1
7gb10dc
hCWUDbf
7Ut2vAf
Ha6oGwv
fze2uz3
84d0mSe
QEKM7UV
Oihw2Ml
1m75EDw
Zba2yOw
cAPtF
3x4w26L
pscxfC6
5O3AoSU
pMORTZH
ALB4BWG
YwCgw2U
kxOBbVS
AYvtAjk
JgLSfa6
nrKAF3L
mLz3snY
fkYwFHE
ViHjKnP
2vd8jQj
0eQ40xW
jjONTL8
2vCkUGx
BNHlFag
IuYPQYp
5FD2oGX
8AucZzT
KQp7gFq
anG8nvy
Pdrp8EK
hzR6R28
BRHSP23
MnuYW4J
Z4aJd3g
WI43VCv
kXpQVph
vmlvRXf
SnkeScn
oZQV1C8
4wlsTFR
PcLqkhW
nTONzCk
JrnyUx8
CUduiUa
3VhenZE
h29orlQ
Cm1Nk5r
S2K1jlk
ME5plK4
ZU9uvEp
8hVxbRC
AhgIj9n
tum6Rq2
NNMvV1T
C8xKHTY
xXORJ39
lxWSecM
6UyNHkB
aZh4Ecu
NcjkUgl
Z5YMt9c
PRoLvSk
Hghdqsr
1Ks3Umw
f7jajlB
GGkoFgb
3C2MY8w
QHMOgzJ
CytuUrE
HhaPKsC
ebO9LTf
EYGYECM
MdX2kGm
oBOEV3b
1A7aW18
NW7jD1c
FvNWSOv
Pk4MZbz
kDZ8v
O8CbUoQ
z9ArzjW
i4Cl3nG
vhgDYYZ
sSLKYUv
wnvEUuN
qHH7PJB
X3Cb6HX
mpCdnCW
52pWt0s
kjjw6DC
UwK8Lc2
b4RJXrG
6lTV1qX
1SObNYm
nTrqIO2
QQKC8f7
nBYwKpt
7vUIqV9
gYUD90T
wIaS3qm
KtDgKiv
b6K4QEG
RsXR2mT
RlZ3zUG
n4ugVdg
adFLpgT
PFOdmwW
Hlu1WKE
yBQzpsg
oUVin
y1MiRI9
OIy9xC7
YakCnBQ
mhmpNBb
0tjMfqW
oXvcsf0
xaMJmtb
4N4izob
UpnZDKo
eLbkWRb
dSW8uCj
8FcA3UJ
6u8ymDu
TSaVQyg
8RlVza9
Pxn4JPc
2uMiIY8
5L3hO70
aFegNWf
PGGijSw
D1tLLu8
Xo4K8vB
AYHlKKF
zzDRHu9
lapNBot
AJZ7lRQ
VHW08B6
aWeNqlB
LAMBg49
3IOqz0V
A7i7QbD
oqKyT4j
2yyufe4
HUJx1KX
BPlotEt
alvnG
0hbHOXm
z4rTalS
JQpDjpH
Iqbduuw
KS5lNgz
NvYKO6l
z774VNR
xFjWD3a
KIW7JIR
18iish5
wCAVMUB
iAhhj1L
T4bUN1C
Z8XA3qa
OYSziPd
CwjAm03
LWb4u4h
x0Ar7Kx
NuOGFCl
TIz4oML
oAIXRQk
uNHtMXk
vF2yBHM
8nxeyKk
lxVoNj0
QIwAqeD
cyLCeIV
VsqlYmx
s7GuTf1
77oXZbP
8c039qq
G6468S4
4eVCiQL
Vyx6ckA
fcBYm9L
sN1k2KO
mqwKnTV
CKzOVst
yoy0U37
HSBDzBc
ET055E4
D3vsHxY
ytMhUP9
XIQIroZ
W0wJMBt
B6mgAgZ
T0RjTVy
QIOZnon
y53kDQ9
PIeTkse
IBCs60l
lVOdOWd
jk1Hq2z
STMcQOM
wUmXWtu
njZ0bR2
RnKeSCE
J0qlb6t
mW0Uuk4
6jfOwO2
qqPhS
mKDAypL
76hQfIz
8L6O7OF
B64fbiu
606iC3O
mT0RTZK
JlgA0Sa
bC0ic
PCabllD
4vkQurw
wXE1I4a
qFjN4zi
JDl7eXH
jAUBDkh
w4byuDB
HVDDi32
yupvoIU
FshzsKY
Lo6uT5l
oVYtCgX
YdhVNp6
y0FpF1g
FJvEdaP
MEztwHM
rOlVTBL
qMjMxGt
LZ7A6QC
Um8HJBC
yyjCxyU
eag0Ir8
sa6spn6
x1Dy8fy
O2af6da
z3HTCBc
UQ1gH1c
EKjJX95
AWxpyHG
3nLcf3W
2Iclied
LK5hGGA
4TbSXzn
gva7QAA
BzKDKHD
yUlQljJ
y8WGQED
wZN1JJx
oBYtT2P
q2QHBpB
hXAXMC6
dVh3DnT
9YCZB8L
LoOe7Gi
hgTKUHs
L9uw5of
bsoZ5Rm
JV0HXMI
Ck5ps2v
iwVUWVn
vuxgGf5
KckGkNp
txhDI2q
65y6hrw
a8eqhym
0gAkFLi
746axAx
rD4ZYbm
6xJubxC
tnuH266
p8SYSyM
Xs3igtB
VHKJQfx
fjLTN1N
bNQZEey
2aEgEhW
XSKTmPv
b6DNWkA
rwv1MGR
zhOPGnd
4RCrUoC
ZUqRMIr
9saGeAK
Q0MexuD
Sfn2ojI
LyuSIxF
Q9fp9US
WJeycuB
aX9JU2X
GZG4qaa
8zphjVo
4fRqeau
anNQJuj
dS1zrgj
3hsOayN
1KuLoSy
V0cnvk6
IjgWLVC
Bws2BmQ
G1XkFlk
S01H1l3
p2Neu5L
mf3m8ZI
cDgbvbn
1J51zxo
ZD9vhtb
wTlR6rD
1Efx4Nd
qyGLv7A
0x9SxHL
ohKOnQ9
YAXFpx5
EiEHvX5
KOlSF7Q
pGKZpf5
8X3s6rp
iFCL8u0
eEasmkQ
hdU11W7
B3cd96V
9MG8LRM
4w5y02w
hw1sCQj
Xj3GPiA
qYffvia
IvEFbBB
0kYVuQD
3Axsf0I
E916YZY
iF8MGPJ
sWd4RTF
Wwn6CIs
xAJuC43
9vTxcbr
M9s30x8
aQz8Vzm
B5Q25qO
wHR7RhQ
cMztN
HbliS
h3ebTtL
4ZNrVGE
b7VNvru
nFCnbZ4
3Gqddzj
HBGzbdi
qa7NYJs
rpA4wes
rurN99m
2iXnD3i
mjsYExE
CgHvZeb
WydJ1TO
1fyjan3
aMskvo0
oosj883
0kAdia4
bZXoE7q
Vepk5m4
C52JbhJ
AEx4C7l
dzCmZ07
r9LvGFL
9seTKga
fvpKiLQ
zTvN0hQ
FDzRtMk
70q79jA
jlaNe6n
iJOYDrF
5VHL6fy
SlMx8is
15HZcxm
tQhBv0x
X1FFPxe
J0rlMkj
Omwnp8B
XCG5W9y
tzTIFZ8
Gfw65at
ojdXicT
FFYGyez
JmBQoUT
VG5zDHq
8LmXsbQ
4UTkr6J
Ntp5cfB
eVRKcej
ekkyT4U
BjNc8Z3
sZ8L51i
9pobNQx
O51xIDn
WGszkPz
HwFkgMr
Bq38j78
l5R5Lpc
SZgKql0
w3oMFjC
tyAK36W
I2cHsEl
p8hpdHm
7HXwJur
Jl1DA3g
aRdctZ3
1Ox3AS8
zB4hBut
8mPfhdA
pC4gCTa
DofI9pG
6sSjrFN
XP96sWu
cRyNOMp
bchrPXz
c4Cuorm
8JM6YLZ
6oLwPu3
3CoMqdb
sCEwCCo
I4gnvCX
4JC6Vyg
V9VDKlg
FjcoyZw
MTxxyCv
hqOzkiC
gNh4UWH
aWeHyNa
99RedmQ
zWrAfJL
kpCRx48
6WuppRh
WqlY3Ye
Ioz8dlT
jeuSI3p
vfGh7ya
Pz2XTyI
b0Fa2tJ
cULeN11
jzCYo8R
OlMXeVD
uvF2jL0
7buo10E
gYcio3L
ApAPgXR
nf3YLIa
WvuRGYY
qqoIqxw
KY0EMI7
DV218De
WQ5l2bE
iKPwyJQ
tELaadj
4fSGHSr
e16g6Ex
VzsuMKe
yQHTMV1
qlGCX5P
hkX38lG
DjK3X3e
uLeRAmG
NFEwkqi
9Uq98zT
Xw8CLfo
vFwNR4m
MgfeIdR
7s4lSVZ
RkWwFEB
dNQzYXq
OFsjcpE
b3lcujP
HTJztCT
CV0iWtn
suRoXcB
q602Ycl
LdQHHbV
6R786Fw
FhEdmdP
MvPS8gz
AaGC0Tc
jHlP2Rb
v7Xt2Up
NhNzuYr
AcdTleQ
BZ9fxTo
uupbuXe
R260cPA
ZYKsX2K
B0sjUG9
qqGcI6t
eILtVmw
luIsdo0
1sTt8Js
hn0ijJ8
tTqcPOs
AZBU43K
ZRWIzUn
ylTY0zP
YEhy2zt
ClkRbnz
hgEvE1d
AAc1bcE
tYjXiBv
hdZPXS2
TAN7DI7
WcSqmKm
ld9ZPWB
KiOOmN1
PmNvd0x
xZ2sJVn
kew5mdw
Ui92uEB
uhnW4Jy
xcNrJiO
TPJ81wJ
QBDZ6Un
B6Vot7A
Db1Ctvm
3K0CAvj
h6yogpK
Nznx0kp
aVXWLRp
kODYEpU
nJxC3UQ
VQ6Ko7A
Q8d1Kcm
M4m47pr
iLtZiH3
zxqPYi2
T5jbRWS
n0mUFBf
7Gcd3kG
hr6Qac9
H40cNoG
8YB0Vj1
n7tXrmC
KageOch
eynTBVk
Kuc5RGo
n08f5r2
WwPJHPI
o2BRiAw
B69J4gA
An3WNQF
oy9y88C
kEHhYBS
M5xXhHH
EPHyaOU
nk199Ab
iACBms3
DBuc64b
EmcZEtA
hDRXJJr
m3DbCMc
qG4ru91
2NlheRc
C1ir4Yq
2OBNfHz
yQOMQnF
DxMeJhB
mfUcvlE
bYbFSeO
WAAQJuV
HDGsmXn
yTlFz6k
u2GAv59
xdw52xG
gI7ARIK
GsgvlgC
nqUnIAQ
lZ3z8
9gCnlcl
GkE0q2Z
ppZ7yQN
1PKE9Su
eHKA2pa
38ZBPvu
SHigJPw
TSJQM7v
HyxpQRa
R9X6ujt
ZK2GTMQ
yOCCN3U
MiA7hSD
25DS4QJ
JkMFjRJ
UPwsWr7
qnIjDWj
2SkDRnB
0e5ohlD
BQxKSWy
5LmHk2o
jzFFort
Zb5FxP0
E1RAIjE
iloHJSr
3O26z82
WkMtJbe
JpdoOXW
dNGsfx4
YcWSZzx
bXXLHsG
LidEYnW
D7SRfil
XQ1XFLO
Vnj0uHw
YRD6621
ZTk9xG8
ZbvNzlF
t9JYM
1lfi2MK
W3Hs8fr
YT2sT
2aemH1P
Mw5pPI5
k9Vi3yJ
uueAqA1
SqbINyL
vEBFh9N
ji0LyEE
uNxDWwY
ZbVVvUv
XHFx8W9
sC61P
GPoTHvT
8YzZFhc
b8EoOrl
xAiz6YI
FAFQA
x6A48sp
9Hh7OmG
null
Jv9uxim
JQ67ujD
OwImmJW
96bwi9u
wNUMg5k
n5r51eo
5yQkHlx
JbWIPBl
cTk0KgZ
o9Vyelm
QjBYh7K
Ye07CSP
4PXRHbp
VKG4JQk
pwCS98I
RjrIk3N
YgVcL5t
eFuGPfD
4F973TJ
CnfUcvX
WvCe7Kw
UnJoZkq
3BeNxaw
YIioCvY
IXBUGyv
uoBzpXC
reCiO7d
ysdZmFL
IeN7B05
rYjVw74
KyB4rVs
oYrWyAy
koyFf6l
6qd3x2t
U3gJWqC
Nh3OSgf
6o4J8fn
G79wtox
3QRlMBu
2etmq53
gnmZ1Pu
UD9YDLD
5j0JD6c
R8YfkFE
yClMV9G
701bXJ5
Rh1Uakq
GX8KKDS
MncsPvC
3iAXrz6
GYbtVpn
NB62eJS
NExgYzg
2D9zhvx
ALsQOQL
e1WAheB
advv5If
P58RlK3
EX5vmz9
XIOO5jG
UIh4mU7
o93Rcwj
g3ppN1O
IYrlOQf
rUACP
7NZTpTm
q5C0St9
Xh4L2Bq
bR0CPax
973yTjo
S0jgciP
kfbFZGF
znVv81a
fXmPYIZ
1FChtvJ
NJhIk5r
SSLpYSR
Jl34Fef
wJgJELx
yPyynDE
PsSp1do
hbgEPAW
ozDMWDs
a2HWNe0
pLpzce3
YBC0Nou
vKkVDwZ
cjjsvCz
unxxrR2
RmzRMnr
wZjYfxL
3Zmuz3o
1U1Aiss
ViD1v7q
uPDv8RR
JoyhldM
6cxKZlV
sGOseCD
wO9T8Ld
4YXrMNv
atvgpGg
lg6yVF5
wZolU7o
RMhCZNR
mMJaj5M
11FhoKV
unAD2cj
rhlQd11
h1oDiQv
x7IRRXB
2hyjrxa
6DKCs6H
IQildKY
MZ4vMLo
I75P42y
kMGiI7E
bR7FafQ
v0lZCYj
t63aoho
QaW064G
3knvoR0
sotry6X
sYCkBRb
AzIbxS7
CyrHPAP
tkmmJme
5eZ5IMK
m3fDAiu
mD4Kzie
6jzLasI
uUP6piL
76Vpjzp
TmcU9xN
a2VMj
vty1Vro
MLIA0zx
BOoc0n1
NdTZkTs
qJYVKAf
nak9URZ
e4bAuXe
6Rmx3tf
4VwwFWC
dJe03Rb
zoLs6nN
mLEwcdC
g9fkRU0
pqrVmzR
oLlLkT0
tXthHD9
Mc4boO9
goihnb6
GrfgeLj
JHr6A81
pZTYyZt
DHY8ZdJ
6C53nHl
Kjfpt78
BA46WRn
Rp92gq0
plMWoS6
zKO89w8
nvm4siS
ELZZTWG
ZE1HUdf
jWRxRqR
iN8z7nK
hbpDSGS
FXwDU08
flOH61S
0gIbW0h
hiMHZr4
CqEMf8I
bFDSmiD
jLdJUEu
PEpR6L2
9PnMEod
vv0ekcG
S7WFuHR
AXujxLz
8DZpBva
uGIv9rq
5OrB34o
94T6AOO
E4kFiAZ
4fYsNaq
h3JRFr0
XAMQRVc
iseBKeJ
glMBF8Z
iHkMxFU
BvzQo1K
eaQGeJr
FuYcJbv
uRC9wrp
CjhoNuc
LxmqVj9
znBd4tH
2XhUWXN
JEj4U9y
tCLseg3
1AFIEul
ek4stuq
tV4PuAv
KkWoU8K
GPsrcte
BRPBlej
ZsvjnLv
Dc4qwzl
gYr1MyH
hW0dk1J
M9TFxmR
Ms09gPj
FUCPct4
WWEtdMx
Aq62Dbp
Q15Kkm4
KOXGkcf
LLBL380
1fLnTyE
9U1hmmR
PBMI2pW
5MMwzNf
OxZwGDN
02gnTwX
iqlAU9r
x7fbR2q
bGP1jTy
adEOgtY
Mwe4ZOs
GXWW6Mh
mgjNR5k
g7uH7CL
3o5Za9w
6wxouSK
8o9knr4
aHhyI2m
UD8ArGL
5CVSfzV
WTCS0wr
QotIAEl
n4cFzIY
2I9JsMN
EXg41cO
Cz9NF
Z1beJhq
R6EyTxl
8erfMOc
1z4azoq
YFvdrk3
d91QJNW
pGliqqf
2Rry78Y
6f3R7fS
Fkb9uh5
YfcSOaP
ORoil1W
7N74IUI
VKZTlJS
EBqbyLW
6LXi3hz
Ka4LNca
vRaC1AI
RctRulF
dwv9Xnk
0iQfrqS
VA4oesW
pyXUSxO
klruMos
KsVc0wl
I6RZK7R
Zsx6xXB
RCD3D1o
zr8fLKi
NeVsJy7
3Br0HB4
1JfPzPZ
ESSoSls
BYql5KG
EJdJV1K
50mHE1v
gqlfbnX
QLkzJRK
kl8hNlz
9v8vdZa
xgMcn5p
bcAAHwq
JJpmysg
j6zeiDm
puvMAOd
YGvKPyK
JG9YJH4
TtklZiv
kVTgdoQ
iwkZxIg
LArgWw7
zXAHIUJ
P9IIeFz
l2Qpa41
tEh4fdB
UmU1mwX
Jx7FIKo
OJ5rNZQ
eklz11x
cAK0oiJ
wZWN18bl
eBPq8Cp
CbNuIDo
S4jefyl
lN9FQLS
Rf4G2Y8
ZitaI4X
Qgckjdj
23qyn5H
38XtI3s
jXORFHj
KYk8Qw0
fBbyXb8
uia9IJu
ehKXTOD
ONcOCAj
mszPjFz
snkrdwV
u00ursM
5rQL1Ph
h6t3e99
X8KWU6l
xNHkGuG
NaXAjvj
SjPKhjR
i7PM6Ph
Jrp3Rc1
bW61Vi7
W1pi0nu
dEufW6B
7cUYlhq
Y6On1YW
32Sky
6yguS5i
o3HXqmD
SqeryiT
FJ3A3M4
5sy0wW2
java5FL
iNZhFjF
cY8HWmv
tYtyibo
OfAAi0Y
ZlwJRQJ
sA03upl
hNuiPev
HimYVJv
dhRlpsl
BsIJBn0
4IazMnt
5Px7hKp
8WyYKfB
wOvBc35
LxNS2l2
0Zhx8qz
QDJm1Q6
N4bGEIS
h7SBuX7
QqpGfLK
l8wDKzH
48yWwah
WaaHc8V
9qOvxZw
eMJ18a8
S7vIn
fY2Rg1t
JxVcPkY
rwo00DL
dByvtLy
gkfi3
h7RHTtx
aCZeVmT
fs52L4t
LJutDWc
CJvK9Bz
sh0gnmM
BMGPHxu
iQ6z9Dq
NKCgKf9
zjrdupV
7rwEegEh
NMuE8Qj
KNnMPo0
EgEaCYV
5srmU
SoMNeyM
c7XnWNO
eKD1Ahl
aQeFHvp
0NBRAXg
liZuuK6
C4rJldx
nZj5AA9
um18UCr
eg3Xc1q
RAMu3oi
u9Rmqi0
OOXJCyW
IqePlOg
T8r33H1
vooTkRf
Q0fkVai
vlA9g1P
juOgVNX
u4TmO1n
iAoNZ2Q
6n0VETv
lZq6k6z
rXB1dMQ
8QwF0iE
Ej1BNJx
cXptEcl
IDiGV7t
oqI5pEI
JCdhU
Qn3udDz
m52aIZ2
ogWwKu5
y2UwFeI
JsdsHJv
Hg1sHlb
1u3YCtc
FG8zrZk
r8QRF2b
bAbxdTs
uvGd5xZ
iYMpTxF
PDziIP9
vppcxPf
IgKCM
FQXQ12K
wFswIM0
iF4Aw2q
4s1qLV8
Ae2A9hQ
rsaHuAQ
v5SjRD6
iinHJdih
Mb2qcbx
67WM8ug
MiAFYT1
n4KuVao
PuAEOLR
gVe8GKv
isMUuwN
gk01UQ5
7FqvnSf
gbzXzLq
51Wva1v
h99Y6RC
rTa4ISg
iT0QgGF
i3RMSu9
71yXJ5W
TPifB9o
zHR1F0k
6ZfuLnF
N5wSdLb
tkZcRXy
iQ8hrUs
L6kbwGz
ogeTQ
wz3wHhN
mZwKesR
JhBt3
Er6BAFd
IeJn41g
hJQEa2A
SmtuMtF
CqPC4AL
kzpMFtZ
HyaagXb
Fu6P7bp
3jOXaRS
RmAiJtH
zq7Idu3
WZPyR2w
s7WGXwr
t0BtZXC
erixnJo
4es03DG
QXE38
UBeosSa
C1fbQK9
7jZoV5L
qSZOxJh
0mpfdJO
GUDa6VC
1xQ3ppS
Q6MDNl9
EMwBF7I
KYOblIF
IDjZbHM
4naLTeN
iIUZxzp
ombkKv8
Z48yAeY
PjLQf2w
fz57gH1
aiWljHZ
qeyIwwT
lFMmv0c
dQ32xyl
Cs0smsA
1zedGL5
2TMeNkE
vCtxvxc
XrMpQpF
riP7llI
HrklkNA
7jceulF
dkaXC04
EwFtm5s
iOEnNEQ
LOHIi9J
yEwtj9e
5XkKmYa
FTtVWuL
MYWR3zi
5wBncsy
5zG6xqJ
A8Jymnz
yjzwsfo
NhbaHXq
JtfRXig
A7RykPE
Aw30b5A
MQn0RzB
6bfLPlu
GMLPWA0
sRXmA9W
V4lvuwR
2FpmWVW
kwf5n7L
IBtsEpX
f3XTwmG
foYubdm
Eeks1Uj
YB5QlS3
QiCqMeQ
gRX1Fhx
duWtnat
n9m2dIc
UxWvC61
JEshobm
l2UdfaX
9RTRgdk
pMGUj6D
hCVVrgQ
Ab0QMiK
kI8r7pr
5fFS5M9
YxSsZNB
ZrqBIM6
8ybDZT1
dTfr3ps
3exAxgv
RrpdpKj
fIg8D6e
dGdYHEY
9bPxIdN
RPHLWnp
0GVqA5s
Xrd5QnB
oC5N26H
a748yCU
FIz8fMM
paJpBPT
9X93e9d
HQ2GjJu
8di3xGD
sK2Y7a1
l9qY9tb
TRwz9qY
ZIBAucE
3Y4c8Yi
1OvXp4I
3TIryzT
44txdba
CVn0ZNc
moYoPuj
DqF4TLm
BNolbdl
DcpP6HV
18Vw46e
igKu0Uk
CsIcWcq
ttD05QK
Ls2wkN0
cG7XCO1
98uljvf
hynMrUk
o2TrlA9
AHKA6Fc
rMVRbbZ
FDynoYC
tIjzngV
Wk22u
rWMHJyv
GXEadxE
L0lHsaF
Inh0QcC
cyEj2
N81x2S9
Zsz7H4U
TSFr71L
GDBGBlP
rV77Q40
8V01Rdl
QiMil3o
AcF1CdL
q7PJw
k0K0XrF
I3pNLpN
0cZqvOp
EePKQ
cXiVDmW
MjMAuDL
nOERbZb
4pa03Q8
WBVPKLk
XWNOxlp
uZcCMGX
6mgF4Sn
uxg8sc0
duRozwV
IsiQGVy
3WIE2Jx
BqkpASC
RZruLvm
YEbgbF3
zFrWStT
rdiTrrm
SOMcf7n
DNWwOFH
OkDCzJk
RZzfxwP
dWp0Gub
VT4kqf6
kIjWBMD
wL5d4ED
k32Xpyj
2NtIlOY
NS2ZFKX
Os9EP0C
u1ZbBCy
UB7sCkj
SXzrG
UhPuR4d
g27hYdY
IrLpLu4
Jiaf2JX
7zvGjec
ANHnsFe
eighF1v
y2yMZYI
xcZ0FRU
bqJDelx
TbkWxqY
ZIsH9sg
YjcBkLk
yXFA5G6
XElDhkl
lrUX2uQ
3URMHX3
Mrq8SLi
wYjG8kr
nZdJwUM
7P6xPra
bSgo5rE
Nun7y1G
OQFyLvf
jqyUMec
5xiSlCK
3hTmCUc
G69MxOb
ira0jAZ
IvfnYNp
qJV14ht
GTyTzUo
hX2Tr4m
m3cj9Dj
Z2gBgW9
YxZtiWC
2zLFXaN
nbdKe0O
4H9S1iLh
HLNXP4I
cHWOrTi
mh6FpIF
3Hh4Bu6
rkn3oKz
gWzJJvr
H7Kw25c
hZOd8Ld
BERguNE
JZjRk5r
tik4UU1
tOMtf0g
fUkoTid
NXnVxGZ
guakQ0l
a5J2XE0
QCkxr8f
dxNpKJJ
YEcsC9g
yuY3WUY
IHTO7iQ
v12mvcH
y6fO7ZH
WbD0dps
TmGXfNb
X86mho3
W363dIR
BcvVDsP
BAEc0e7
hmwDkgU
pgnfVna
LS9jsRk
JdFuMlr
H7S3WHF
SGiFUqU
UE9aNQ7
CMHcGEq
N8LW1WJ
0y9pNcK
KiDoSJr
bEmohkL
PMeOBVH
meKkgov
1GYSQv3
686NYoh
bealMbW
9ZtSRjJ
qVmJoRj
ifZLg2R
964yitW
Hm0Ns7G
7AgC8cE
UplGo
IeNHssd
gqrRgJu
3MXS3OE
icLj9wA
i45105y
HW7mNas
EGP0WHA
ZOzWs
Ub7ixvj
wMntapE
ATbHb1Z
fhZcrgP
IHoSvDY
sOBPF9y
hJh4eVo
M8IyAoe
L9yqwGd
Stwku3V
KJgjPyD
LOz33f9
aViQ0fC
59GJsgH
VjHCi9H
iVq6Wom
ZliNnEf
a3bpcUS
vsx6h9Z
WRHCoTD
gCNBKCU
Bo6uigV
4JMcy6Z
fMDZlmj
bYouAbI
fMdeKG3
EgAkVEP
i4ftjJb
TLzWbri
ONst3G7
5eHNSRp
NezTXyO
m6l0Xhk
AjVkALO
KWqiFqY
FjCuPph
eMz3Bwq
jD3MWES
3Q92CFH
KvSCXxN
zEpqg2c
9rGA8Vd
mY4lNmv
q02kTMJ
wQJtixF
ySJ3Uz6
rmlR8Ai
F5EMtv1
lP97cLv
oiVrGOC
Z3Rd3U6
WWwgD4z
z1yOTFb
2f8HXfp
FdJvjQh
f8Jte4u
euqMD95
17QISsH
KbLNAcV
ARnJ4RG
AKEIkr1
9DckxnD
rsZTI47
7b51le9
n2lXwNe
XsmQWy3
sdrPy0n
aDdhJLj
72eWAJk
hlpteQn
09wC7Qw
R2KNN6s
rhqgAxC
MnejLT5
n8aJvDY
gjulwLq
8F64Wc0
FHPnZWu
9aHkS2S
MUTgCz8
JOE22Zb
3IcsSve
5r6u1EB
Im6dkfT
MdQDQA0
K4ucSBY
dpCbNK3
w0MTUqi
o6VNL6G
uneBnfJ
AmY4FvV
Ws2SR
oFMrfoc
zI5Sf86
mlmRA89
es7jp
GIqEqPN
KD32wAV
Bz8hkut
hyyh2B7
Deko3c5
GkBwopZ
YDAZWT7
PlflvTR
pakJCHx
cBXHR1z
jdDmUU1
pUfr0bR
a2mN2G7
BsvTPQV
nMIXsOx
q4aoyUK
6wHeHJi
3aVlkjr
r4tsULP
NiQSZ5Q
RPwZkBW
ecaKx
Hpe2fsc
FsWskms
Cg1cpPT
luwy8IA
addUFCy
F9Eoo4y
6zKElh2
RuYQPG9
3anGHsK
c0aCgf2
mcKiklH
tv9kNWR
ED4LPo9
eiiFiVA
P8U4Idw
Rxz10re
dM2iOL0
4wvUe4t
XqgmR
T076cAa
8zAYzOd
buTrvXO
Jcoxw6a
Xie4IA8
nstWDSp
pugg0AG
Pjq6syV
6bxtm86
13bpdjq
dN1FsDq
9v0b4O6
wEyKgiX
AdPrqPm
XUnFCoJ
MT5E03w
OLNF5U8
jAkGqrn
78jJVLT
oe8CPRn
UHNnDPL
TPVkfGW
XsWojqK
qWZtm2U
B4ubMMy
fMDod6j
YCFjUAU
zywA9OJ
zFnOzwa
8rtXGg9
BetsAlS
vjIJqCU
jtO8HJO
ffciV2K
F6NE09b
UgoheGk
mZeQiJ0
zSPYBcc
0zBSSAu
dfv2yjO
NOvFNRK
1JzhBqH
OWln6k0
85jTx48
1fuW8yN
evFiTEy
4zJgPZY
7u2pNft
nYL8rS9
qZxiXTa
Uerqb
HhJPb2Y
1NJKKnU
Pr721xV
aT4sy
hfBnu4R
sSpE39B
yNCVdYc
vglEzQZ
UevPNVN
sZlc8JZ
afcmKRn
kkz9G5L
5vpOEWK
3YMmn1U
1zQH9tr
2qfH13n
j6slU48
G1FKidZ
sMwVEXN
RaICRX2
rnsHgHL
IxGpguD
vgJcile
sAkPcxj
x6WrNVp
49iWglC
ymJI2qH
8jTiieo
9BJN36h
RGpDtKM
0RSXKYP
4TtjXX3
fUlKpfF
KYvnyXe
xSZh9r4
54R8ggA
WkSDabM
MZkLlDC
IYxnbGQ
lxFcZ3b
3KhKIuf
eLaXCdc
8UgfFBm
VAlgFT5
njOGH
I3o19h6
8fX9exR
GKgseln
ScZJF7k
qbgOSv7
AXG1krn
hP1IU8l
0vgFbGK
uPSL4Jj
5f5SINZ
nHZC9bU
fSYfv63
HvlEs
YsaVkzl
vLiPqYK
lRHEzvd
I7JWXlH
IemrB7E
cej79s7
EUbyvKE
LRCulpe
Ag17cch
rEywNRb
Qp8M5XQ
feKi8w4
Msp5znx
8gajqd2
BedNjtk
Tbk9c7Q
aWeOARH
ZgPUfyK
rT2fqsg
jfwPxCz
sPR0uIo
wUhmuJN
R1byDwM
hQKSJJQ
c7p4h6z
kVh5ulK
o8ww3FQ
P11Zsun
BaEJqIo
9sFcuzk
ZhFV7uJ
GOR5xeZ
aajdy23
v3KXWNx
V1carPM
m1F3qIZ
PEkRhfG
S5MQ3bS
LTSZ1Vn
hXbG1wJ
yLvqiuu
y7YkG7L
wujemCw
PHwqiK6
MtGYkIu
8g5akLr
OIhZGsD
Yr2bqMA
rlwftGq
XaKwL6r
q4D5rIJ
FExd7F9
CvO5PY6
0OO7hzT
uvFzQtp
QRIuxqb
mNva9QJ
plCuMex
AOt3joz
7v4nKcq
4upddwR
tT6gH
ybVKiu0
uDlW2CX
H08Zfdq
0Sq7ysy
4jvjwtc
Bfk4V5Q
R4VkGzb
MTYadCK
LAiOA
4NyzyCB
3LfWf0i
ZMHjWrU
kaabiCh
Lqj6slD
qjXbC0Y
7OQvzJM
BU7XP
pNnCMeI
2IWT973
2C5ReS0
UFqF78p
ILB13CN
haR23kd
hrJ89zs
c1cmWXJ
XxlejuM
jW1vn4o
NZTyLfL
JfX8wVy
W9vInoA
xYNXtya
PgGA5hM
kcCQHJY
SyCNVMD
3w6wYSQ
oXKGA3F
6oJoQOt
R2aWqbT
S2XBAdL
otB8mZZ
xXD2VIS
a0zqSCF
REkPBkl
YJ7Kd5f
aqLapAF
Ilq0l6Z
EFzBOgd
bd1O9Zz
SF1Ctws
p2jwmte
x1rYhrm
3uU4Dtt
jy3qbtx
KRuAMIQ
fUjEkHU
qNgR61W
uZUGUFc
MZswqSZ
64AtXMV
atEfBXo
rRTTRGX
D2PhjMY
X86OD9e
X60sl0i
FHG69XA
cmZhT99
AMzONbY
Luorvhp
aFMG0F7
L9IrqNy
JJO2r
OQoulfJ
TqhWdED
sQ0bJ36
vMhxPHz
nLojkNY
A8QK6Jz
h8vtFVK
4rtnEug
An2VmaF
vnmA0l2
QGuMXTu
Gj2ErgC
g3ib2ih
dZEVRgq
42pChCO
JW7nV
0E4g3Lv
GIbIddU
KWgvIqv
yO6TQK9
bONNfWC
tUJcSEZ
NMxrfZW
6BUfJ7K
d9LRVQP
Yp4ca2t
y8ZT0wB
czFhZQr
aDsFny6
SvWvXCk
uuezj86
nRmRhWo
86qkVT5
jFxNeBq
TCZKc49
2sOSMWf
SjFI0UD
OFrP2gw
FyAmRMY
9AihIP8
9ucf2pZ
H5JlBoW
g10ouq4
lVVhVW4
malcrrN
n1o1Kip
1Igma6s
7GJ3Owp
Wnr8pMn
5oPfpxY
zCXAjO8
K8jpunP
kVw7gjm
MCtYZBT
ulSgwEn
pX46AQJ
JtLFVnM
i2ka1xx
ZKcQYbK
b0h5C7y
DskGCAj
smiTg68
AZcIqWt
RALGGUg
cmijAoq
GhqNC9Q
15R5OwP
5ePYnEr
NOQsgkb
7X0TesK
n1US9r0
w2XZBh7
v8fGBaL
vIOjFyy
4zmR3KA
aH5VklL
bGTUzDT
k99zGKJ
D0RjK2K
GwmNKVT
qqAXKse
z6k6eoM
kpJmIlW
4DzvjcF
BOlZiHu
hiiMUk3
IYUYtvT
lt9btLY
lEmjrdE
xDWH37z
C7K4KEr
2ZrRXUQ
4EFxi
0xPw5r8
lOdPZQ9
p3t6XXU
MgfOla7
cE8v9Wz
RPGD8n6
gvIEeoU
gpyzXMM
cdRAZlZ
yVzeEA2
vyczFfu
2fiO73a
sxDlGJG
kpsO0m1
WOisNtc
PyGbac2
Tydg7Uu
QEOtGq7
QMIbRLX
W5sPDhj
x3lx01G
DcNrgRF
VngamjV
JyuSVXM
BmM6ndr
fhhjbCT
lVgaRJw
YprwlQj
co9763A
rHLKCmK
0vK516x
1aLB7WD
7PoIP
mt6kcgZ
H923bXz
5UzRZ2t
4Whcenq
EdRHwDs
TD9AuSi
ML3cLyz
QO9fRAp
CNY63IO
bCuKHTx
sQIJ8Ri
oFETFin
eDAsVEc
j9rkpm0
zZJgaPv
pyoZe
g6o2HKw
UvPhECK
sz5FW8f
s2eibVl
Uk8Vj61
ZeqN4sC
Ma99Yjh
PKTs90D
CebeSiJ
5pCtSrb
qKcsFkF
XeOE5VM
7aEav6v
ZmQ4qov
n3GYglo
a9fDMeJ
BjhEvNY
usgTCvG
qxFcI4G
0Oub0pw
80SdHks
2oBDWvu
jygCiP2
VkRC1Rp
bi2MJYr
syGxZYk
NwUZPV2
2ABy8bQ
wCaEVBX
oceayoq
oJKDbEA
wYcWLwq
zZwtAV3
uzYFkg8
Z6V9EZl
XaYOVlu
5tAVR8a
9SDqDJo
2tVP5
P47Xo6T
4XpEyY8
UHV3EGn
W2QMw2h
sdfqb98
JNmJWCL
dRrGT11
RMCVBjL
01E8WIc
DjMrrrh
znyVSBF
YVvT0KH
VfxTU5b
Qc4jxFf
TsmtLSj
Qy8zeH8
7ijmlST
RudgPVx
vEejGTn
bCJd42H
QesaEu5
Bckfupe
urt21f3
FNwEgFn
KgkTYxK
kOhJ1lq
SeQynZT
GQXUdvo
yJ3R3pB
8xJ2i7k
vbwKMry
oMiHOTr
Ez4eXjE
8aKfALD
kLkeE1I
HEHTjNq
2hlbZ0O
GvreEsx
Zb3UvWi
uldIs1V
cDnn5Ct
HBHZ21r
USEYTTk
AdErkrQ
jw0twzL
aRciFv7
XUqoYtM
HDU1OoA
Tx5jmzM
ZegLoas
6nnKIpP
4UP64k5
Ms4ifIy
6mDwOfO
jssLn2U
hbwsmDS
KbZB1TH
ImhqfQH
WyYxZYl
95bT5MI
dMktkl7
FNzljv1
CFtEKut
W8NhA7r
oCNqD8r
Is3oeHW
WbvRjSs
NvMkIga
kpLFp
0ZfOnHY
tpqzNpr
E22tZEE
HsMap6u
fM23sOq
mBkhaSo
dk6XNcK
NgRxWv8
0f1TmP9
3t7rgsN
dAZ9yUs
6o5tNQv
BegYEWm
r5LvKag
cttwltk
Fxa6MCD
w3153Oq
87UM5x0
PIOlAJd
qdKTtqk
TBzYoQ7
Hg9IAkm
YKULuMq
nXcd2Q6
FMjfl3K
ecgxt
Ms5GX
A4fiSN7
NmElxIF
hHVGxbB
uxEOANs
lisn3zJ
50mau2Y
H9o6axB
oRo8nFg
qfeevxB
wcbtggR
cAqXYqG
G0oUvEu
QnOTKmF
bW7QfgW
x03wlaA
noSyRz9
57wOuy7
mQxST6w
eYUfceI
P9fhauv
m6RRcEL
Ohy5r5X
z7zxM0v
LErGZfe
wbF292F
boQMZHr
h2cq8vJ
q6jdlgI
aCtjfxK
zlWQuP3
d57MdvY
tXQXCNP
fX7U0bo
OudOXWY
7Ep0mf3
nnGGvj1
CFBAdTl
mQOdVx7
v4MhEhd
w0qpvxg
pzuodQj
VjoRbSJ
f9vHSjl
ZwmDG
Y8Tp0W4
sjk3Ugn
Fh7ZxDr
WefMiAW
w0RbWtz
52qeIgb
beqc1Ft
3PB8Q
h41Nmhh
yOEDrxh
FsrkHyS
WY5hAyQ
xvvQRy8
wcd6fKi
L1uDZ7k
MnbnM46
yTJswdS
nu9FsnK
02VAOf2
3VR1T8h
eZ9j8WP
z8xjcTL
cmiGfjU
FIAuUvl
MUE5M9e
ghnYVvv
cf6wibX
rwbEJaJ
hYxIJF1
c40sIv4
mqPNqD4
PxB4mMq
J82te2P
mUuiDM7
tMUed
cpT52De
AmrLaHF
Xg23KTk
OVhRdk0
MQ4nVZU
iro06Ln
3LNolR4
blAIEux
587WE69
QiCWnTl
U3QVGOR
ra6CT2Z
dpmMiCn
qzxvrya
yBADZuG
1FAIlQJ
saKbTql
ZqHkpDy
3MCPhVB
lliNnn0
whJsXEr
87K5fg7
LoCucfPh
nZGk9Zf
1fPYrC3
gu4bhAo
z7ZQnd6
1teROTB
vQwDART
iEIKyUqh
eQvTHrp
3CkrVXl
UMD2a4D
bSlW80W
fIwGRZt
PRApwBl
cMccPXP
Xb9JaVA
mVJSxEu
FKNXJTC
jqCbA
Od3r36G
EVTYFMN
HGj8lVk
hUq8LFI
h1ZQS9R
pQWqSiC
LBxSHgE
RB4Itud
u8PVami
NOTxzrb
qYKi2tl
rU4Kq1L
toK5Ac4
sb22N5M
A0kJQKB
NdRM5hz
RGIW5
TfGfmFt
ONWVZrH
pzw258n
N5GsHzs
jaIqES5
FJRwNCP
osU7KoT
2HoLyrS
n19gxjb
BmYno7k
RF3pm4F
nQjVQt6
FPzNGqC
WE6QHk3
AapJiFI
BMqeLdx
2BRjIej
ad5DDUF
SJUFenv
vcsSkjA
xoCELnm
4EQi3bo
ClPHEDr
P3bHa
3B1YMUe
YP7yEj0
U0YPtlL
7YZT10d
vBwM27W
xXdRzdE
Nokn65F
0gDJOmi
vsbWukD
FR7I7rx
hNkfUNg
UOtAavc
NFvKYno
HNKBeyZ
BXkLvyS
TAsDhPW
3QyKy8b
jqzlaLn
yOV2hwv
ms4gv33
rG52viy
ee5ZNR2
gey9Kjq
Z60xlZN
JV6LeIw
eyJKu6B
OWiZcVE
EDecUol
hm02iUG
Z23saGU
Ex4IAiS
Mi6oYOE
DrNBCar
Nl1fzxU
y7iyOSF
XHf05O6
aIji8Lq
FlkNcHO
2XmAkv9
tQulVUX
12GtT7D
MQZ7Wmu
PBXfB2m
baLnqAB
0yNRDQA
5YZpMJP
QtAwqty
ASmUjCA
GAK2oYE
59JDrZZ
Eo4MaWN
M6yKmiE
bT9OrI2
5qyYLas
KvnI6Hm
UQdijXY
QDR2Rdu
YNCsRfW
uwXycY9
F5cEiww
n4fpP82
stxG7m8
hX6QU1b
1ymmDVn
4JJBTG5
23YI8HC
GLjufVQ
KWDhqTl
0Z9RP6h
WFIrPJI
QfGHrSq
Ax5tUFF
Q9QmLhO
YkEwAfb
l6Ertnc
fCXN4yP
Dw2NTVK
9xFvEKR
nd3rtHM
cXh33jy
xFmqC5y
VgreJyC
U7OeOeU
TkgMErb
hwq46gA
BS6u4cw
ZnEvf1e
kNZ86
yX2MbTK
WsAyMcQ
Sy9fKXC
l8Hj3lf
quMyXkI
FzBRCE6
jwm0Hxe
00J8wDc
E0YbbsL
aBjXIZp
Kh9Qiry
XQ59WiD
c67tCLy
WeGcWKD
ePGAcrE
CmrklAP
DUVUrkR
PrFmnL3
SVjFueN
mADJLjS
0prbusc
xBG71ye
D5SOC9t
3ALNHrO
Epefh0Y
Rjb9CUH
pvq2qaK
GI328cZ
62n3RIl
vxbqR3Z
mc958Ma
y8hJdBe
DwLfSKp
Afe926Y
Ep8ORLK
YTlu6Vm
3Q8iAGz
p146nOe
QhnAa
YV8mztE
2YbTAm3
h0bSJNY
NdN5JQD
b6MKRHc
TBMBSWC
ifNtDCN
47MXshD
ppJAKpo
tI6SQnh
wed6V17
NXqKyjw
D9W2tUH
pLk6iBu
t1lUrs5
lgTn1Po
u6vkj2m
Qq2whkS
AAEAu4z
p989cId
a5623eh
GZ4cYo7
vfjJi
w8CWXhq
49BMerR
Q8fUAyq
KD6stnf
evTC51R
uJpOwC8
cjApD0n
nGKUnCa
OJZPlpS
5cygpF6
wCj6IzG
ZH6F2Wb
EyPqlBa
YQacA2n
gNTeK0R
pr77qTz
Pz8wO82
Umq5mUh
HEUyqtU
ayj9f5v
VXyBRDF
xVHCnTE
4HrYo1z
yBbcADM
eX4cuiA
Qil3wSy
tljPnyx
3PSCRCB
myCOt0s
AtZ6Lub
O9QET03
4dz2fLi
lGklUKP
abUSYPT
6pJtwhi
LzNvgRM
xQN7e7Y
f3IQQJu
tkm9URT
qgmByvb
igtqIRR
qvGopDi
WWjP3Ea
wb9MzgV
03VE0MR
Rj1YOnr
4lTAA16
aomOmap
opsk1PP
gFUqGtI
DHepr13
IHpiCHH
Ys8L9tQ
P8TProX
qc5xefy
SPQk0RG
NPn7F6D
FfW9moc
ZUXBSfb
cHnhuOC
iSbpnfQ
1lLH4mW
px5vDIp
YdCULba
vLkMNsv
MeWOaTw
6nH3bwe
jFwdfch
5nidaUS
1RKIC3U
4pA9VQf
EiosGoG
DFuZy5k
UbnqOZ8
fZ4OvI4
HJZFo1D
ziRd1Ys
kKaGoPn
NXZ0p77
n7azGav
pzugoLl
PXMv4c7
m4y5FP6
xMZbldo
JMzPaEg
EORCrgK
dy4Ai21
5tflila
Kdezrfl
85lpHL0
I4P9lvI
qc4BPg8
B95Jetd
myV25Cw
kMoqI7Y
zT9yOdQ
TUS1zbr
8DQIc6m
LqGjkF3
nlyCnyP
F22rwzn
QrYURWe
Sc5biJg
FmkpRvp
Pf8c9Yi
Te6D3Vi
E0VAxHE
6NYSUyr
Nj5herz
ag3GqJi
rPNfkzv
n9lPFrp
XjUKBdo
FEEMbfi
baPVM8r
WNT4JC1
kdbWDtA
U6BmSRZ
Iw0ed5X
BDJUJZJ
lIv0BMf
jfqWr8y
nkmEc4d
xgFcNZR
KAUt8Dt
SiwZhsT
bgg0aXm
pZnAoe5
vAen5RA
2wcjXtc
PDVTZ
f6190lc
xWsYhni
1audaiF
ivaA73j
zAEsTJv
QbxSzTP
aH0YAj7
aqB7aWI
XfVM9uW
rXtjZUM
8HzjO0O
3nqO176
fbIRZCU
iQDv3hr
lW9vEDg
YwhXnj9
D9xxjDy
u9rlPHD
aWquLZ2
cid2bCM
cjLQ1kt
SEoxNl1
KkC7S
Q6Nhzp5
K16ZpqN
BSugFBg
rgnOVmK
TMpHdIT
nGaAwXh
i4rz3MD
Vyn1mLF
KrAFS6y
cIw0WBG
FIwEeEo
VrKH9tb
mYoWw
y6Jd4BQ
ggfiB5K
pHCPJ4K
KHewbrw
WPRFNC3
ZzZv3V9
ftiMLBa
jZoI64o
iWmmOuM
4PcoJdq
KdruL0n
2LIpHCJ
3jRLd7s
nFBZuSd
JQ1EZLx
wPoQdgM
HxJQhlI
8CVh0Oy
XVWJJl9
5wZWFqG
kPrIx2i
VriKmZP
Ib72Dno
hGoz5TH
CikiLzL
K7jdq2N
MSha6
hOsSWKV
Qhn6uof
WeJKxjk
mo7XJ
eds82qo
svharFH
JiERtSzh
D2MJQa1
d7wFQNM
SGND0Om
NNcQQK6
o8ukEEe
5BNF7aJ
GDKYgxQ
Yt5hOgF
Ysg70fw
FBTSUlZ
dRoLxl5
QJSC8JV
1eIXf4q
MnGRlUj
H5BKma1
SDkswFD
KXZQV2s
RBzo7hj
wEs1C7d
TgOFWDw
fyseTA2
TEDbO5b
Bm0pOpX
i37YJwr
mvSQmFK
Kh0zIuu
bzIOUCC
GUWuph5
4ifrNa6
EhXrKT6
eUPSaJw
FJodY3m
TfrErMM
mqbVbJ2
uO1oMnp
QRTtbwG
1IhbHSv
gipVaZl
t1ncCUo
u9X9Fdx
R2tywsx
XATWFAF
InWypHj
hoIHJkO
migT1QY
1EsL6j4
81lt3oe
kc4q30N
01xGl1w
MqXusiP
jLw67Ys
17GNoPL
D2yGLfA
LctuG3x
8eiRA8r
x8KiLN8
fpBuIGw
3BcV7pF
lckBaja
2NC7dQQ
TA3O5dB
eocgnB0
7PHv6dA
pQQDc
MNsiTfk
V8rhaPX
IR8NFtk
29YEf68
knuad96
GoYIKum
yUZ7JDM
zWgaNwf
hVjHGT2
M22QyXh
bYMRoFU
hMBEpkO
cdVrZDI
cm4BwDr
ePBkcFt
bg2yPXR
WpqHXpu
u5R9FYF
bEacY17
J0sL9ms
duzMCJR
UlPjRdQ
5UlsMn1
ZTvvtoz
QflkACa
s0gFsgb
xEwEChP
V5F5aql
nOOu7rx
P3sTaz0
0XS4PA8
ZwyBrXc
lokQ50C
S0rd75h
EuasXZc
XHRPWjE
DFyNXWG
aCkFpOt
QMF9fxl
y6RV13X
qH5715Y
b1dAJdB
GkUzhre
OmWdUYp
0u904h7
Q3tgXKh
iYhcr7f
I3qsyaT
8jr4p36
Ng32hnt
7FreUMi
WFbj5Lr
sSDZPZN
h3Tvv59
UXDZZij
0u4fZkZ
bH8OOmj
vu5vHyO
X8Ji2Ak
xxq1xNQ
Ocj5YmL
jPL2EIy
3wc2U1D
4hSwpmA
OciBMU4
mSBNf8X
Z1lVbx6
HOjTumg
kGqxHUr
hhk8nvy
d12U0Of
jgBYLxb
4GglE
vEsHBGx
NF2qKfc
0A3rzrt
ljr7tRD
gQTnV
I62fb8a
xTwn9Ei
q5PbRlr
grqtaQU
FQ19VFp
YG6WMMI
ti2ccOk
Z3hJTto
KHokH7e
CO46idw
5uOxLfr
2HnMgw6
P9abxAe
nrMZPG6
TBLhHyp
d2zJ5lt
ZPaAZsz
RPaMhbq
w73zvI9
cAVNQrt
KcRayXl
tSeGZyj
ueyk8zX
nUnLGVR
tOqLbCx
1MMDzp8
38eYrnc
xm2kFHJ
uj0lNiE
9I66Qi7
7AQ0Rak
7Ew45hD
c0dLVnh
oxT5kBW
R9EEyGM
LEnuSrw
B1hxAQk
MpBnZqn
BVH0yRt
Fx8dv
PFTXe3d
S0yN6QX
3SZnaDM
hWhGnup
otr2lfJ
hKBFnCh
YP6hpKu
WzOR5jU
6gRl5Gn
dnVlcMr
tqRXXFA
RVnz35H
kUUsX3Y
EpOdGfx
W2YAaoN
PTo6nQv
A1P1kye
PIHEC7z
rDZo7VW
WQaiX6r
mqFy0FN
4FB19m0
I5lZHUW
xU0Xi8h
MurSOxh
pxHu3ft
eAAPQ0i
avAxOp7
4Qf084G
HB6FZ16
IYW4yF3
BE9kFky
z5YgtKN
SlK6JiS
AKtHcwD
0it544k
EU3f1pM
G3o5WSa
OQVMPOP
hJnVnhJ
f9L78OJ
i98DKF0
qjdX0wF
4bA2ofU
wVTQQ
kH3EZId
IJW8ttt
8mth9JV
9pxOwoz
hZ96aE9
fa3NgTS
liB5uvL
9qT7Fs6
GI4v6rg
00fKvsn
aRRNF38
HXngqIe
ZP8HX7p
v1z0NLV
2cIy1tk
Z9F4dnJ
EYdzu
RjWrngd
3wm4b3i
e5WvtfK
T5SU0M5
KgxKVBK
bPmuFzA
f4JcGag
uN63Vw3
LgpKW0s
4taFfj2
OoGgtbA
HgfQQHL
YDhKvzJ
c2M4Etv
LNv2WSr
lHGZIbk
vLJwDAR
89sZofB
vvmVfcx
yalIA39
Jod7dpJ
gLOuVyJ
xtYPs
b1tnbL4
H9YRLjJ
EJ3b7GM
TXZtMGe
OpvDVOo
tsj6qQf
0rT1foV
pdKsFF2
k4YvIxU
ZOwjJTf
o11B0
qeHPLgb
8cNs6UI
UwfaKbb
JxmeZHR
it6qWzQ
aPeNiCi
s15aYuk
nSXp6
nXnMrRQ
A3oQk3k
g64cLuf
32SvFQq
3ThDevt
PZMXtcK
1R9xypt
cXZGt7R
r7dGJc8
sNpIWnz
1VbObB7
gH6sTtc
b8O1tsQ
e6WFVe2
2nlJnM3
t2B4Ovz
IeHHRFn
ZmTOaKr
pE5MuYm
3Fc4oPf
oKDxe5I
s1IXF4E
VMzzBaH
59Nv4BC
ViKoEEd
bWroX9O
SOHsf1t
jdINx3n
XYLsBJj
4VzO7PM
UonFmHL
FowJo0E
WUCmWqq
Jb8h57W
dM0nnxb
VRWMMxM
8meuVF8
pPhvjAA
NkQtQna
ZMovY41
Sp0FszN
MzyhNIL
zSLfcGT
HEZzxdY
91njRrH
hr3x6VV
XBs9bm9
zJui64c
VEi6eQK
v0Gwrot
557r1bo
a61sGYn
aiyD5UD
wGQ0oQP
BpiDmiD
zAlqzxk
eLtWNpB
GToaaIv
QfJDNBT
3Tfp2iW
Y6WcHJB
SIwroxJ
dS8DLG4
MyDEyWt
QzHNj3r
qMRlBra
ig2VOGb
kLl1MUs
I8hKkS0
jALBWRZ
ju7zCyD
PQPlFok
tnkcHQm
rbiKCRj
nS9QB2H
nfisWFN
ERtUJyG
E8TnXZG
BMRpVGO
lHzPWUB
QSLug4y
Td6aTjH
lNQPH2E
CzQAvZH
7I9jxaG
Fq6KMNP
Xb9JaVA
zUJjJSk
eSxPVa1
4zWz6P7
4ysGg
ZR6vMgI
Evd6zDv
e7KRwJ1
VfTJVPe
OKShCY7
V6ZHrsc
pQ0osRg
KBFKTk2
xwrmXAK
Bct3eOB
qphTzDM
GficOjJ
zchHfGn
OfxXqW4
OouSZql
uBeW7FU
g2uMFGT
POTU6fO
fiYOGDV
aMNOMte
ewheJoO
SwyPenI
94TeOLB
Fg3UauS
Oma8SRZ
waBxUDS
XRRR6Po
X2Cd1Uc
ry7Ewfa
srYsFqB
5lNJlus
PEJKzkE
HKAydc9
GMSRCKv
PoaFtIN
1QIl4lR
pvxMqk6
kXPfufl
ORNZSZI
jhttrMw
N48tkdm
ZKD7GSJ
AzN9koK
LQunZie
SbCmMZx
pfJifPp
499j7z4
uRawGPB
T532gcC
8pvzb9l
BCJ8XT4
V1azExz
1Wt6ZIF
mtPhXZg
1UZVxqw
AdvfH
ZPseafN
RpcPZIQ
bu3PxuZ
2avIFlb
t2rkjmJ
Mt97UDx
ypV9NaQ
L7KbrMD
1gu6bHj
IUXhzF9
OwrhjPv
R5FUzDj
1nFiAbV
NM8rA8F
70sVB
P32GXos
b2Oktpp
AotvEBf
I5uACE3
fofgjAK
ZLCSu77
pl8T2kT
XJrPLxu
Y08xlYx
oQy3hsz
nRXf1Z8
1dXMgnV
Nu751mI
diGspbr
dmRyw3A
zWG0m5I
XWiYAAv
zTL53Ky
ZjON018
GD7S3TU
mqT2Zkr
0U1CUZC
5iRaw41
FXYFbjD
JbHJJwR
nnjLmWD
uGZq73A
1iArarK
KnhBizG
DerH1T8
qO3U36Z
GKe9Pdu
0mA32na
Ckw3P8f
WR0FhF6
XXjkBBs
9dEO1w4
IOFJqOf
cNarL0c
suMaRpB
zkEWgSG
Zd6bnVZ
HYxLft0
ubuy5RM
EbICCyk
ZsG4vAO
aoiDhae
NSDfBTS
QyjgqXu
UTtD0EJ
kBRshFb
2aeNnsZ
FVUioyy
Sx7xMln
pbgoMuS
9W8m5yv
7vVwxvc
cMOOtXC
d5UREjy
zYOUjHT
gExUPNP
clzH00T
9xHgVYg
AjLEce5
tO8vqur
Db6ezQ9
cvRmiwL
ff3iy
7MdjvWK
6ObXfZ3
Lnplyhu
KYYpInw
YBipPCh
K2FX32G
7NiQwld
bBr9cb0
AfbqF41
4Btmh3E
Xfkp9ss
x1Nn4SY
xlxSSLU
GRJ6sr9
z1OXIup
rx34fiL
9wDXDMv
u8RhF7u
rZ4Ovas
YMCfojG
aMO4hwp
4JQ0xhT
Ozbad3E
cDneSKQ
tW3L3aL
40je25n
D4nZyJj
3z10qcJ
1ij4QSH
HDH0WzP
xNl9maj
k8UGgb3
D3hXNMd
M8NNvVv
9ct8bXg
KZaL4f1
GjgtyBl
P4pQL1G
vW95bqx
JZ8XbD0
uIDMbBU
ZVhC2Ta
zEieHLI
c7X4Flc
HuSKF1i
d0kyP2E
09bYXkI
UmBHpRR
wglfGRF
4Nq5xbT
CQ8NSpc
DBTIcLb
ulP5fnY
3UmamI7
5pkNz0Rh
518ISnm
OPOcG0i
Ue6PfMh
p9FJaIL
gZEwtd6
9GmdP9A
Tka0a3B
1zsw0Qw
saZsXtg
Lp5usR6
1ooMNWb
HjWLFJO
wcpDvrh
s7ZDzxw
baXiLw4
NbZ32aj
lT6QJLD
uWrIz4g
SJZfVvG
ivc6aUm
hvy3sfG
yJzS2Qq
YGDoyQU
TJqnHiX
RJ1HuBU
eGSbUUx
R7DYG0I
fKqg9hm
2ko1urT
U4DrUdD
8u2osPd
DOMUpvX
SZPDz5f
Y9R8DtE
8NAUGZJ
RiAL90V
J3eXn3N
5f9OP5g
2p0KbXH
YuJGI9Z
M7oMXKk
Bs7yWZx
ud1be2i
35aE6TX
aDN5Em2
aLmAAtK
7mrt3v7
QvpfziB
CTiyyEv
ZVjpQLI
d9unJ4R
EvY41Va
nEn490H
ydXPxm7
wGuEIo0
j91DVIc
rC7TyFY
SQF2WOg
fL593RF
affLdTt
CCjDu3Y
gGpgik4
LgQdRe1
xTVPsnA
BCwagan
pCa9xnS
EtBjxMW
BmjuUjE
qCrJkfi
6oES4BR
YIpWndd
sO9qn3T
JB0CjWX
BSs0uQZ
ldXDqQh
qyk16yJ
yF1NYOc
X2tjiMj
yJplt3P
iCI84s1
iIaiyea
DynObVe
rulaSSQ
c2Z50EC
BWV1dvW
IJkDVPq
CjAx1Iu
n87qYNE
WgzTwSl
O9A1tYv
fKHwyr0
Yr2bqMA
WKdUSeO
NQZM0dU
o4BOfiT
FdzylRp
jaCBQKH
UHxVdww
TRlTYhh
r9rsxnf
sDthDjA
4zY1bRQ
EuWCQma
2zWIN0o
PNPNZS1
Dm0zcrM
ivxGLR5
eMCsSiE
bkv755I
52pmC9c
HwrbOJb
lpK2b1A
M3cFcSp
Eu8pW1g
4C9NSKE
29QrlpS
wVemEwJ
wlG0vm6
DJV4OZj
4DM8bNu
ejnsM5E
lGqUY7T
E6L2s86
9nnEwB6
AaTw0jx
EQlCgMv
VbBNKVD
daiurbb
aoI2S0v
jyi5mhJ
0TL4cx9
I7lxfnU
wr16Xu2
UJgbP5u
lbVZQNc
YKJziNc
wSwOoI8
PiznjQV
GCsRRaw
PkQucIZ
a9pzBr7
Fvz3GA5
w23RjqD
5GbMzH0
3sHsKat
3LwrvTj
xMUxaTt
q4oMfvP
hPMebUV
AztLdqA
xYxcyKF
I1msXGX
gSHTpTR
fzVG7ka
jROJuL8
nF52S1v
M97ZZrf
s0Y6y7U
fU6GWA9
Oc4E3zs
Np3Csga
sApvLsl
yGUJW6C
hCB8MCe
6jEdYhr
vz8td0H
t7iwHXx
zKmwh14
RaxaPlY
doNQlxT
eVsFWTs
dzKNd14
ojWdUHu
FA9ltXs
qq90Qz1
KGQbsaS
9xLsfjy
FinE1bi
vEqipMr
CXU7Jno
ADDJCvK
pPaYk
kKKRO5H
lsTOzLF
3tSbQpT
UlI5sML
GL5OHQV
6ZACext
ZDm5OKG
Rt3rFTS
OoIzImN
QcfetCY
s3cE8vI
FFUdK4F
X994ZWQ
PP3HGtC
JQGkMDI
9BB2rQf
sErOHfE
8Jo4j66
7Qiv0uG
Nu0MXPd
XHTqUSG
3rAkNkH
DkgKYFl
ShWH99O
mIC5x6f
DMmrtEn
dn5DECr
Un5dqrM
eq6ilgN
WXcuQH5
ZTNtCFc
jXxsCCU
OFzLsht
S3eMNei
xg9YlQZ
CFfs4
HBiEkK5
1hBGtKC
yAjYw3w
vNTTvsh
pLMlRsh
ReMq67u
n8rQm3H
LDcR7ri
KiH8jZy
YF84x1E
nz8j3tI
3IFeq8x
nXib1Tx
lu8pbgN
qTnPmGp
UugyAji
WgR9u3A
4BbRYVg
apSRmDN
SwTIlwX
wdEhsQN
ZUZcxRY
au94wLE
VykMRV2
8TtVFjb
zXgvzG8
DUigVn6
Vzcvcnl
yL840
ZPdl8HA
HBVVlbY
4S2rfD3
2m4KNSH
YXVMZMF
vZohbER
QlTMPIX
1vSGtts
yvsYdJu
DXFAiP7
5GpvSD0
9Ft4HWP
87Zrs4j
G2cWSpC
pSotT0z
rib8Ylr
JB1DtcN
xg1nInC
0mlBEui
23PpbuM
IiH4GQN
Bew1NQr
WRFVRbr
f0jUNAf
Gi9l8fY
VOyOcPs
9cm4S0j
LSTUZre
t5C6ej6
uXf8vpA
vIoekiZ
YNTonSG
cn6M3W1
kRWZHBN
taaD5aP
nmcXk1A
fTDWBWZ
babQwZ0
A1dNTz2
OVndbmD
loGYdkD
ZmE56iL
Zel3Jq1
dpYlc1a
WnOrPSl
Gzuby7l
gBxXons
4SvhJmK
XYSGioB
aaTINxl
ForR5fv
kxi2AM6
wmk4jre
x3SO8xJ
nCc5vbZ
tnI819s
WpgGrtb
Bsvq0C1
WwcGD3y
eevJY4b
N1yUMol
loCEYjw
rkGUPrG
gjKLOQs
BlnVY15
Jzg7aa7
lf7LDel
goqKukQ
Sb58Pi8
WmtnbAb
MXpYawk
Z4buhbC
NAOTgzz
MOuuo7C
nkLRDuW
mfoVpGX
94Tsh2V
0qFHeCu
lDVJWVk
rOC4Lzy
X5PnTQd
lE2dU0j
QeAj4sz
4xVE8qX
3RfepbK
ZZ6WfX4
9MLG1dw
h7Q6IdS
T97PAfb
QrDCUmL
b204R7j
GsSxahJ
fEFFt79
fdQyY1z
gMJ4H9O
FQz9GaR
uDu07Js
d4Qkfz9
cMm2OPe
YC6rM4y
gll6oUv
IPm0rYX
SQ1veU5
IM6pk
mFZ5RfC
L1eoQYX
rgZlRN0
71b0wOw
RCS7A64
gblS72V
n9CgMxI
41vKB
HYATB2T
Gv0uBDf
oOZ9Ytf
k1lVxjN
qr8dxMn
thxlVFY
CsacLD1
fBKLh5K
b34SdVJ
PHpASJ6
nye6MBh
IR1z635
9pk5tWW
QHSQY9U
5ST4Wes
FAbfnv5
YUucdUF
W6vgB2j
FNd81Xs
lqhCG9F
u2bEnVn
g8rYdzj
2JkCLZy
EKvqCKo
5ZlOdfq
4uLBVwk
GPOCwEf
9eQs48a
tMQDhwl
EBQDZvD
rJuCj4P
K2rlNPr
iwRDgWZ
Q1KAH61
w1cNCLE
tDG8cfA
odSnjKx
uXyUlOG
w2t7rV6
DfPgGK3
i8XxHcs
54YonJy
lx8AoBG
Ao1cbbw
GsPxlj7
WS1Fp6w
Njxv6Qp
jFFxcCH
nlEPKhw
CNLycP2
SbxOT7A
4EFxi
RGOFOia
kopTrUZ
d2sNBss
NpV75or
w9AxKKU
ATpwttY
TX9lUgd
fbWrtpf
AUtubzg
ChyqPfU
P7pvNFa
d9VjBAa
RgCrMXS
5f5UOFM
exdH3KB
7w2LSm1
P0EEtpe
tTVqUbm
CoCNUzS
D5wrnpY
vqkvjNq
YOCnL5M
YZyJRSF
CrLFwvf
QPvBz7r
dj1kKPC
0IO8APh
kyRKrOy
E7gIlH9
gyW72CN
LC4B6d3
4g4i9o6
hfLkMrd
M0bBRvB
iuuJhzv
6ir6UbD
c4msMsC
Z2MmdVI
Y7oM0cQ
FJcoFno
9rW4IBJ
FNP6xPX
MPLISxD
182sfcsh
ywB2dWz
ROQuK0c
q5uAEkV
I310ukT
c0aIkkr
GnViSVB
Z3RXsDN
MCxQ7Us
9AJ6U1S
rYRDSvB
350nDA0
zMGeyVt
GPi9q
SXQS92c
kLdArzW
HHGAPnd
WqmS180
A2K4ugB
DJsKaou
WVgRj6F
9tseRKU
D7Lk7CO
EMiLWy6
Fm3SS86
JnO2JgK
vxHLZed
G6DkcyV
VGYIQFz
rP1aiVQ
xk0pXqk
wEtkezs
Ah68ycW
mNq1UAr
wscA3QJ
DAM4SS9
x03GwZj
2r51N
EH1j3P5
Mepq5Tn
fZ5AvcT
cXv9lDn
DlSuY1Q
1u8yTy4
zsQwM0I
epcOez3
1saNB77
ygj5Isj
sBZZCOL
Ms4ifIy
tG5armN
0ZSmcLK
wkWUjNJ
VGpaU
CpIC210
0pmoRgV
NmmR1JO
rhPcjyB
AnxzLjG
yTKA2oP
pyX1W7G
niJ3DI7
bVEhUJy
jR7L01C
lk9H5cm
k55FqEP
LxZeR1w
XfA8gNE
cU6PCCY
R5KZLjU
sFKyi5p
Npc60ha
wr7KiAx
hHDvp9X
Eyt0C7p
qNIqwPE
g7DhaXZ
kGiPI1k
aCPFaqu
3m4pYiI
PyToPdl
E0TYx03
K1pK62d
rDkvwTu
ash0uuP
ZpwQB1Q
s3ytCK3
qUNOX
LF8P11I
hHCKmWs
FcOjt5a
7Cpgexg
JHQ2H4H
LQQ1eJ1
SprTkgL
it3kmb5
7wACRNO
5QmwP6l
pujOmR0
LWjCNgd
F3EOq0U
lSin8hV
qOZfWlc
MsXgYql
C4vumqo
v20FDPE
XgpEt4t
K7W98Y5
Ae7uuyo
Hv7KXjR
dUzdIrC
PudMTjE
yi5iXAG
GBn8WD1
JLC0Ise
ybSyRD5
nLPrKaX
QWcc6Dz
8qS3DyV
YLxj7KI
ibzN4So
krLKZoo
a0zqSCF
CAewsht
vGpbG3A
g4B9Cap
qVOj4GB
J4kQwKO
RZK629r
KbuzgR2
qd2Eo9V
ytNqzS6
HTxeJKm
wkUmmGN
kQeQBUe
StZAHiC
vrV0zJj
YRDQnQq
XnlFSsB
VSSTO96
BlKJ3e2
YyVurKg
8nydCNL
B1srA
GbTuf5X
O4mYbcb
EC82pFU
6UTfdXU
svsD0MI
K3Pv6AP
vn53ejJ
Lo5N5l7
TpjBTWW
5O8XdOr
kZMJzlPh
uH2Q37m
cOglvmS
xH652X4
d13yhgv
b3pqFHZ
qpcW21Q
1IYlYlq
2rTBpGm
RxpwInwh
ycOCjVO
L08xXhs
xbixVPS
KApr9Wv
OmrtzWW
pnDhvrO
mgmTc47
Un2lPPa
JuYxDSQ
pnuDsyS
8uGs3Op
EKTRoar
Hi3BG9Q
fYUYBMU
pC3YJTn
ZFtH6vH
05dO742
y5iStUa
PQjB97X
4jzispb
WQSLaJV
E0UgyQN
k8v6mMF
zL4p9uM
PAv96Fw
PBi4ZsB
DntYcWG
aqyuc2W
n3yjiOS
urgb6eY
Fp3q6t0
KK0dcT2
mgUSUS0
nFaslDX
xM9n1l2
UvdTzj3
scW0Lcg
GeawxDc
1iYyMft
v9bVI2z
Gtmo2QQ
WqY9zq4
piK5U49
WEcjhIn
IDgJnOx
g585tlM
0arYdPf
CPrpf57
s9KcRmk
Rui6skX
Q5aAt8W
NcaRDWW
tnH1VGO
nfHhk
LReozOu
zvBcVC5
UJwLmtd
eIkZGkb
Ubjl3yQ
WKO6dCM
E4zMLCx
LduVcGA
7ezrmS6
SOFRHoo
vMp04QM
2oV7mN3
KRIGdoc
g6ksgxu
e1Dk9AV
Anjj8bU
fZ6Frse
Zge5H
R1eK4K6h
Rr2Cl4G
SjUGSfh
8ZxIi9w
KEOo2IL
5pSAgdz
mBQ5wLD
vISvenn
TZNeFPo
4ZoOJth
JO0jvbs
tNJNOhN
NaZFSNd
jB6VN1P
PsqgHqK
sCxPATR
D3dsOWw
IYMbudb
gU10oCm
OFI2mft
WYkqH9x
CpSCiM7
RtkFrWA
tHfxdfb
0tbifmp
F8ddgOd
osHuCpA
G60W8M7
D33sGcN
WJfSt3d
lbLfSBs
OMgjVoC
x3gRUAL
PIKNWJs
Pp4JBoh
bMAdYcL
RBsRzts
ttuY7NK
tDhKDLg
ULhl4SG
kqD6Qo7
pbZ2xHs
2sBvdaL
nvhDMQV
liN73rn
ThBGFDh
BENWRO2
VMfJOuy
UXQsvul
0YAaAOV
X8TDxMS
VwGOpJA
amTrKjs
HmigLMp
ILy9Gb8
Ky5HPIz
6VC50r0
bEB2vc3
N52uQY9
RaWsYob
QOA0tCu
XJX3O9H
8dEqhjf
1T8Lp6f
PyXRgSV
xp5IGG8
nqNi4qK
Uhj5u1g
yuDukJg
7C7jAmJ
5vdkpUp
8xdS2VI
iomYBAM
fvPUeIj
Yy3sdX0
JunGp6V
QWbEWXL
dzgeHeG
mFfu8JP
mSILnDQ
0YaMcTs
GvniUkJ
eMFQ5My
V45FAjD
gHVVCvY
ZANmkh8
VzD5XEZ
CiBiluZ
4iC0eXp
UeN72
l0kNaNC
HUnRf5J
NgyvbpQ
uwes9ny
Vml7COH
YHZT4SA
WBpiXAb
XOO2qBd
elyAOkI
pldp0ke
GG2JKcM
k6wtztx
9Iixefz
Pw053FV
TfAi0df
OlQoTE3
CdgG8ib
b1skcyg
FfzbzVU
m1WZxsB
YyOrsY3
n80lETp
NNeEGuJ
KgaJz54
Cy3NSRf
XFnVTqE
wAQEIjU
aOQ9exG
sfpS177
r6Ls7Yr
SsQF2xZ
yGHlRUq
hsjTtJJ
Sf1df7b
z7qASpF
Iq7Nk3R
xhvBbmA
l0L3s7n
xKHAzE1
DgATfl9
sI4asDP
R8LsHW6
gy1nJx8
RvqQBsU
CTEsAlt
9uCKsqz
IShtzT7
lEN3wM4
RHZdZXz
r0Hjzpz
hu2lPaf
iCUwjBk
jCCr5mf
pbT7hNA
8CJkK1b
FEpZ042
Ngf1cpa
RYmvjPW
7EtbEdR
sZJrGry
FVKiMow
cyS9J0A
IrR8ZPjh
PP0MhVF
QdMXvWY
A1MklmI
8sW9iSD
ae9V1d1
cz6Usac
pLNvQTY
FoZONcv
2K4SETQ
VYsG3b2
wvjzU2M
JPHSPCZ
ZqjH95K
IcLofKG
Oj9FiUR
N0AUqf5
Hc08ZC6
a0rPmtM
3MBWXMK
xQZkuFE
HKuU0vn
DWJAsoq
WwiE89q
vrWJH6k
Y1wcYjl
yVzbxpr
3b1YW
kro7dxU
ZlsxLQ6
dJeyAwe
YtA5X5k
bDrsxXl
1L4DJhJ
cVaNA9r
Scv0GHC
TOjYoLX
rTfpsyD
kwlOyCo
whIiSPr
1dgQkjR
jVDAycJ
j7fHdWr
4lJJpdJ
hEF3AzU
VmFR9eI
6Phmhuw
Z1hAU0I
Z1NJarT
KNPXvOo
PeKMvbC
ywonOWM
LCVypkv
o3kDfw4
DZwRTXk
ZpQOTO8
tgOeriV
vadccHG
Wpuh6Wh
1U3cl6G
6VfvBkh
Kuh9Pln
3Fbsfvm
QGU4H4h
SJdpnHX
nZQDX6M
wOYlDoC
LJKberO
g0XZAMS
41NA6uZ
SGpkHTV
k7vZrNR
pVOdVYy
dVKHdY5
KaBLI9n
KlB7M
J2kG85F
mjPvwAj
jIgT7Tj
fhtntcd
HrLYw5K
stlSHWk
LOWa78A
r1T8iDA
b2V4eia
xFSwEFb
gpUICua
MNbw6G4
pgG1hTz
CoOSNYr
hch73qp
T4n4Zz7
tGf2qV9
FVpplkv
T9OQKXg
QBZvHYC
OS9lL98
9xjNE3C
Cp7DnwM
W6BD3zt
pfwiZQ8
0xqTPyL
nput5vA
xIGZSbO
tQdAkUH
mLsqX
n1P5vSO
F692Jbd
IsmX5Ry
WfdKvxX
cmKvczl
ys1g5xQ
auFpK8T
CGEOlqq
vJ0U5KP
4etsgC4
WBZourC
DGafbuR
vTAqAGi
fJo8WhK
qcl0WWM
GCIjqjo
mAh8tyC
xw7xXzT
ZlR4jPY
50HE6xX
pyZy3HZ
zwBJi5T
T79hKdL
FgGQtw8
2oI9Pkw
4qO3TVt
A5Hkpa3
vNbDvLy
HzBeHGy
kn3nBYT
jGNWDVv
8xGYrrv
30LbMiY
xiNpIgE
72PIRph
nXWMVJf
q0dtZ02
yXg3YJF
YCFOOE8
u3LqRRC
ycw57r0
OrobZQy
ZZ0oKCt
hxh4abO
Zl67d4F
1iM1xht
ObEp1E4
CtAnmQo
tDaNPOW
NvR8CpU
tbK3Hts
N880R0U
XkSrpXE
Tbjii2X
8YgA8Ar
QS1beAg
WIcPqVi
VA0cQSW
bnkvzGB
htHc7ZY
TK6MXRv
1aVus0T
ozrp74e
csPsBuC
FaX28wi
qmBMMXt
wYf34co
2OHR21h
U3JszUE
AY8HC1i
GLmeDxD
zCahA1M
XnpA7jC
yHMMr
cxs5Kkr
TjIOi6p
VERRl5M
lWv2lYs
tkYqnQ3
onnJ1st
PD9y2Cx
OI2JyiR
azyQEVW
CHup0zH
VEXlmYW
WJWABIF
9O1hC3P
A3eMAXk
acLe6W8
jly11TW
guOQQUR
Ak2t5FZ
a9tGPAJ
ymTahJU
LIFK5uz
J0U1o7G
ZPbNoDC
sfHeEtN
oyD8c8z
zRSWcQp
QxFS6BM
qAIbrJmh
YALAxbV
ieEwCqx
bUZc2fD
Pkqpkxb
ZwgetwU
WyeNPPp
wc7fRqS
UZ9PBFO
3fMObCp
7ZPH2o7
8vHjeHC
TWaYSre
jKHlR2I
vFPjzJJ
1h0Psvo
RWs4U
FL3i4BC
DhbUBxR
ElcZJlm
zHoiwZh
bz3XbCo
tMzm2uj
dJOtMAb
lLNh7Cn
Mv3l91c
jrOg7tW
0BmEO
x83TnlV
Mj3Tt49
gvC1amv
tj3IIZu
nlq3p2b
auZkoUD
Fj5c9FV
7vBI96y
4RYWPHH
7Dwkp8t
W2N1u4s
Qa917Wj
mgQBg
UbksbJy
tixhhgq
C9u6vqI
BGN7NiW
5r5zfPF
nYMgGKU
hwNBTD5
J9INOKk
z5EHE6x
KbEir
WQYQESn
axAUplf
q8OSPRm
5uREZFR
OlnMEO9
lx7mIFw
4dXUIcA
4WSSiqw
eiC51u6
hzwfTg4
uZLxlzK
FnpQRFn
kwQ2ncb
huBGOdR
CsJLIqE
FBWTwTT
UF48Z9i
Vuz3vXi
HgeqGQm
8ktPjFm
03IJytp
lehFE7J
YGf4nbM
csc419V
2cigAQ8
fpYPEfD
nU9tcF9
ZKg18Np
VNZbO2o
CQjlhO8
8RplITE
KzH78ah
RKTryeE
AkX8oo9
GU6eNFu
QuC1zvp
nUrnko6
pPzmtwk
Sbs4EUb
PI0GWre
MrXY7xh
zCy0hz8
Kp5Smib
OuUnAdA
TRpmMAB
94RCJaG
cfl5TAg
HUnGa3p
HhcQJYU
UjMEcaU
IkivT0z
zi92kJ0
2O6JBP5
q64naLI
11QRJzL
KUxeEG1
ax22EuX
IuudLOw
1upKWf5
ROavUNU
GNX2UWH
KGY4wzJ
oKlrNHl
dYQgE7Rh
JUvJeuD
qxCqTeW
a4kOggM
F0jc8iq
U0e5l
U1M4tAU
JejECbh
A7nfzUE
mHpMXIA
9pTMkKb
w1oaZhw
v5xufwX
Jymkp4F
CXY63bd
sHrxfkB
7QKZxnr
FGQLwax
DLFsxmA
mxZdycG
nbXcBxl
mfTt8xb
6cUlfcB
FT2DaRq
DTsbzRL
6iiz3Kv
GZu291z
wz7o8zy
J9VtR1h
rMw2Fuz
NLamqLV
RLGtn3S
QXmi2T5
NulRa5Q
ZqG4o12
USdWsl5
5blifK1
cvFVjTO
pjRXC0f
fhbmbGu
uOchCIH
QEkTDQF
9Isx5
aSbL8x0
e23GU4n
Cx3TedJ
R7SFO6X
80vwMEu
n6qU3OX
guF2vVL
66LhKFd
LkIkmXz
3cyRhc5
uIXFjrh
LLXrTNi
WtwCaND
Yi6hYD3
i6b8xMp
6EkLPse
r5IfYXl
6rSdqly
qrPS3qq
S7hNSyA
2WBAQFv
tfOkZxG
ewQGXH7
Hycywtr
KYetCA3
AnPewCe
qA0rjWy
mdfHHJJ
Zj8raB6
4spP0du
PRP7DXz
7okJb8w
Rehwy0B
gFUqGtI
JZKvIxl
Eq3YeNK
YGAwQsc
yaBsMbu
YzmM4Zc
6Z8Jda2
XQ3dHW9
mxfDeky
6ylrXJT
R51Ih7b
YkX3Di6
Wa9yUg9
XfmlSVR
T7Hebbf
koz0tb7
fm5J17F
376huNB
5ziospF
CNehth0
FWC0J79
df6nFOQ
y0ijVVj
BhEEn5S
y7Vdu3d
21VwHIp
meYzKY4
X3tyfX1
5I9lK2E
9odGZ
laJzGzs
sIlNDkP
uLBWipB
HszkIAz
NV5N7s8
GLkm0Cd
72XcpuJ
NrDgu0S
iKnFp5E
OKHV7n0
BkG6QVO
kOT0uZ2
swjL4ra
pS4GGLC
6HP7alA
38OkGJJ
ttR35Kc
MckFuMl
mDdFkTq
f9mobrR
LcTRBuL
m594WuQ
5qc35nM
4JdL0bE
sV4XWAX
kjeEQrq
rliqDOD
WRRwqFW
conBM26
zsUs4tc
3q2NaYv
uXZ8bLy
RiLwvUs
L70Ri4P
5FHT5OO
qAHevX2
HNNAaWg
CdgvOqD
vHG1CnH
jpFKStW
ZMKfITs
dBKcQUY
ExWww2s
bC2l51N
YNX1IZH
seuNyjc
ssJ7mls
VOi4gKc
9aUWBEt
A1qdrN6
3BzOwlJ
P7lEm
jwg28uM
Fso5rvj
NCsG8qz
0azU28j
N8eh7VI
H5HDvdH
WPdsbwK
rTaUn1l
h09AFf1
uLCwOFf
mb7w2t4
8pyqpb2
XJZf4Zk
5Rq0hvB
IcwTOAI
8tqEqrc
GnflP00
5gO4j
xLA4Xs8
glGP2dD
4rxkpsh
cp6jvNU
tybt3Ak
p3eMONv
FXbCWDs
IfBqgQm
C8FFb88
xFORlS0
25YV66F
O1DSpoc
jKWFpnh
NWEJ73y
qBGcmiZh
O4AlB7d
ttji8B1
MAb4lqp
RgJItbi
AwkgFLo
e25IOMf
GJJneFM
niVBKIl
NeHXjl5
mpWJLdu
KLFqhSC
gv3apLY
HEqD91S
UGztBmW
oIPjOiI
z8XIpTE
MNkWgSb
A6dsHgt
6GdxxpE
2WQLqzG
OkHnnuA
2coUK0o
2zwZcqD
NQ5nn
RuYmIq3
4cJWKtN
tWy8efq
w7vOvEm
dpqyzk9h
SSDDrWC
KLWiQWq
LlBos4G
xez7W8v
yf6CYIG
qhuQyX6
sEpmSUI
3tiwneg
uXccsk3
6rRHFd9
gxIkN5Y
btWl3f5
pCA3HVe
mKiRU3M
TDyZbYn
7e96ZOc
aVnGT8wh
DeTOAQx
EIWD3sV
q8CFDnE
bcn19Sk
9vWjrbV
TcEpERN
ggLftne
UJJuAhi
BgYiuRv
kpLFp
xjq8lzC
6N92DZz
ue8cbAt
UTleBqI
TVAF5t1
E0f8trE
hDIqQYP
Sm9LqqQ
WGmRBMj
Gsf0FCB
SnQyu6P
bTfWzkY
SdCMZyo
KwKNeQd
qezAzBf
m5NKH
TmP5851
O7HNuG6
Rfe0T8b
mm7pgNF
5CsKpYG
L1nf8hD
bIhvYPT
6meVFep
52U4da8
IlAuGdB
rTBxPBK
JOhzydw
yGOAf0a
MqFl6hk
t7Zw0ne
GX86aEo
VyTpG93
57dI1bZ
3M0ARaU
9tsBYjJ
HhVmOn1
0ACfQVq
6qWmAaF
KFTRw0p
EODHdyo
1eIbow5
Ly6GwTo
0BiK44A
n1ghxlG
EyEK8S5
oS7pJrW
BVy84
XyJxyRx
iqarWk6
4ILZrHz
3htjTh6
BsBSRTb
ZscF7Ci
rPk6FQl
URpg2t4
WhuQ5yJ
1c4jotv
pLQuTie
mAWJOeV
x2rV4dC
2ZhpkHu
bxe8ndj
Nm1lM5E
TRXkuh2
kjYfMTs
QikXzEi
CDWX5VO
7KOliGK
9EbaCax
U3SgaAB
vpL5WwT
SAFgAHf
qIYXgeq
i25uGBz
dzNQlQO
1ljIOLU
h6bJBs5
h0idlPa
GERK4vo
0hpXX1N
oLN1bKA
eXTJF8T
05ktY2X
ifMJGgR
zIRNKS5
rLWeGbk
ljTvRyS
gPaStsg
zsSNJQE
K44pi5J
WGzF1
0laWhFp
2teRsOX
HPHrORr
sbmZhvT
p2nq9Nm
6rw8wsh
4s0J1
7mW8Azt
g7lO98G
N4PhpT8
6Shrl6b
QyYBTIQ
klIE174
xOe9JSN
u9BKA7E
zypnTAH
acNsr0k
iAzT7OH
87U3exM
QIEvWz4
L4O3ELo
cXCl8J7
euehBwK
hZ8cq
ucOS1Ni
5j4cx9V
4eR5lKF
Vnwtll0
WvdSHof
Axq2YG8
Bg0N0Oi
Ar3J0cU
MELVEs4
u7VsjTg
MSOa0
QWXZmYx
2eEXJLD
yesh0WC
iakichj
lIsu0P2
Xtzu1Bx
2ckQ5g1
krVpD0E
hpLasYI
Hi87xZL
PKSMqix
KkwO06S
Skjphqv
GIHvTxe
AHZ7Jrr
WCseByc
YWetGHt
XT9GC
nC2hEcZ
cmSKUlV
sfsnDtK
QrcIUdD
E6jqHH8
C80JFZZ
l1d69w9
XeQuh
WcpVr
gvxTiVp
G0DUJj7
232n3DX
Sc7keRt
EZmmgfE
FYPgI3P
pcjbwRs
QJ8tNug
D5O93wN
w3FBMQN
JotNO8M
noK6xuk
RXzVB7y
FoGLNu5
PinfUDh
h3P8w99
6N4ZlrA
hNKaiEz
fHE2wRF
Mysjbbq
kXzwMkI
FJOy676
ORGEmZe
fKN7mmK
noJjInU
HVLF4wS
sQ1MCvv
WjswKMP
Ggbd4m4
EICdPRh
MsQfZVg
tsG5jqx
EInfBkK
IIl3Yuv
IDhNBU7
NOPv8Nt
iHJKCGA
Ll9LlUi
gLlUghF
yDpjdNy
VgPyunh
OwVXy1S
8A6VdxE
Mgck4Aj
xqnlTLs
OUTmv24
JCRRhHm
G25TkRF
1VKXg0O
xjnYtzj
mpcl99X
ZOyal10
mmDXs
SvxV9hh
vkckWl5
xZcFReI
421hwYa
8o0aTa3
rlBWudS
6sJBELS
V6uuyBi
N4mVy4a
KBiYoUc
3yCuntb
rvkUgHd
jy2hRWP
5dNIF2C
7Em4R3z
LmrvBDX
Jraywgv
5MTEi5E
h4vE9ZR
sLyGyK7
1e0pGca
EDR7Pmt
9EaabKb
qMglrXJ
NwMyXGU
p0juQmx
BLRGmF5
tznaayJ
FB3VLnN
feKi8w4
iFC6Jjl
Hpzc2pZ
sPi8c32
szMGK6e
GUYavvn
oJpnmqx
9UrGU9n
IYVc9zm
qh7yseU
tJy8uMZ
PtPJZnp
WJ3v7po
NEAwa0w
ENrQis7
XTqQwVX
MLuwj7A
wgn354D
PBpCPWj
wT2CBGN
CZumD
g4B9Cap
Kmw8EXb
2upSCkR
454eQ5b
DITVgrH
uNH6s2i
Kobjfto
N48wqOW
cZmRtnC
a8hb5Tf
Logs3Yi
xtXnn2d
izeZCBW
RPI5Gly
cBLxCDM
